2020-02-11 12:51:38.792  INFO PID_IS_UNDEFINED --- [           main] org.springframework.core.KotlinDetector  : Kotlin reflection implementation not found at runtime, related features won't be available.
2020-02-11 12:51:39.862  INFO 12620 --- [           main] com.spureb.willow.WillowApplication      : Starting WillowApplication on DESKTOP-F9J6DJ5 with PID 12620 (C:\Users\25244\IdeaProjects\SpurebBox\target\classes started by 25244 in C:\Users\25244\IdeaProjects\SpurebBox)
2020-02-11 12:51:39.863  INFO 12620 --- [           main] com.spureb.willow.WillowApplication      : The following profiles are active: dev
2020-02-11 12:51:41.555  INFO 12620 --- [           main] .s.d.r.c.RepositoryConfigurationDelegate : Multiple Spring Data modules found, entering strict repository configuration mode!
2020-02-11 12:51:41.561  INFO 12620 --- [           main] .s.d.r.c.RepositoryConfigurationDelegate : Bootstrapping Spring Data repositories in DEFAULT mode.
2020-02-11 12:51:41.625  INFO 12620 --- [           main] .s.d.r.c.RepositoryConfigurationDelegate : Finished Spring Data repository scanning in 32ms. Found 0 repository interfaces.
2020-02-11 12:51:42.222  INFO 12620 --- [           main] trationDelegate$BeanPostProcessorChecker : Bean 'org.springframework.transaction.annotation.ProxyTransactionManagementConfiguration' of type [org.springframework.transaction.annotation.ProxyTransactionManagementConfiguration$$EnhancerBySpringCGLIB$$dd34cf8a] is not eligible for getting processed by all BeanPostProcessors (for example: not eligible for auto-proxying)
2020-02-11 12:51:42.628  INFO 12620 --- [           main] o.s.b.w.embedded.tomcat.TomcatWebServer  : Tomcat initialized with port(s): 8080 (http) 1408 (http)
2020-02-11 12:51:42.644  INFO 12620 --- [           main] o.a.coyote.http11.Http11NioProtocol      : Initializing ProtocolHandler ["http-nio-8080"]
2020-02-11 12:51:42.655  INFO 12620 --- [           main] o.a.coyote.http11.Http11NioProtocol      : Initializing ProtocolHandler ["http-nio-1408"]
2020-02-11 12:51:42.668  INFO 12620 --- [           main] o.apache.catalina.core.StandardService   : Starting service [Tomcat]
2020-02-11 12:51:42.669  INFO 12620 --- [           main] org.apache.catalina.core.StandardEngine  : Starting Servlet engine: [Apache Tomcat/9.0.17]
2020-02-11 12:51:42.829  INFO 12620 --- [           main] o.a.c.c.C.[Tomcat].[localhost].[/]       : Initializing Spring embedded WebApplicationContext
2020-02-11 12:51:42.829  INFO 12620 --- [           main] o.s.web.context.ContextLoader            : Root WebApplicationContext: initialization completed in 2653 ms
2020-02-11 12:51:43.065  INFO 12620 --- [           main] com.zaxxer.hikari.HikariDataSource       : HikariPool-1 - Starting...
2020-02-11 12:51:44.038  INFO 12620 --- [           main] com.zaxxer.hikari.HikariDataSource       : HikariPool-1 - Start completed.
2020-02-11 12:51:45.345  INFO 12620 --- [           main] o.f.c.internal.license.VersionPrinter    : Flyway Community Edition 5.2.4 by Boxfuse
2020-02-11 12:51:45.349  INFO 12620 --- [           main] o.f.c.internal.database.DatabaseFactory  : Database: jdbc:mysql://localhost:3306/a_spureb_box (MySQL 8.0)
2020-02-11 12:51:45.626  INFO 12620 --- [           main] o.f.core.internal.command.DbValidate     : Successfully validated 2 migrations (execution time 00:00.092s)
2020-02-11 12:51:45.651  INFO 12620 --- [           main] o.f.core.internal.command.DbMigrate      : Current version of schema `a_spureb_box`: 2
2020-02-11 12:51:45.653  INFO 12620 --- [           main] o.f.core.internal.command.DbMigrate      : Schema `a_spureb_box` is up to date. No migration necessary.
2020-02-11 12:51:45.911  INFO 12620 --- [           main] o.s.s.c.ThreadPoolTaskScheduler          : Initializing ExecutorService 'taskScheduler'
2020-02-11 12:51:46.022  INFO 12620 --- [           main] o.a.coyote.http11.Http11NioProtocol      : Starting ProtocolHandler ["http-nio-8080"]
2020-02-11 12:51:46.036  INFO 12620 --- [           main] o.a.coyote.http11.Http11NioProtocol      : Starting ProtocolHandler ["http-nio-1408"]
2020-02-11 12:51:46.050  INFO 12620 --- [           main] o.s.b.w.embedded.tomcat.TomcatWebServer  : Tomcat started on port(s): 8080 (http) 1408 (http) with context path ''
2020-02-11 12:51:46.056  INFO 12620 --- [           main] com.spureb.willow.WillowApplication      : Started WillowApplication in 7.184 seconds (JVM running for 8.978)
2020-02-11 12:55:10.259  INFO 12620 --- [nio-8080-exec-1] o.apache.tomcat.util.http.parser.Cookie  : A cookie header was received [1578530285; JSESSIONID=BD5B9420E9F39FBB4C9B972A8B6F24DF] that contained an invalid cookie. That cookie will be ignored.
 Note: further occurrences of this error will be logged at DEBUG level.
2020-02-11 12:55:10.276  INFO 12620 --- [nio-8080-exec-1] o.a.c.c.C.[Tomcat].[localhost].[/]       : Initializing Spring DispatcherServlet 'dispatcherServlet'
2020-02-11 12:55:10.276  INFO 12620 --- [nio-8080-exec-1] o.s.web.servlet.DispatcherServlet        : Initializing Servlet 'dispatcherServlet'
2020-02-11 12:55:10.292  INFO 12620 --- [nio-8080-exec-1] o.s.web.servlet.DispatcherServlet        : Completed initialization in 15 ms
2020-02-11 20:00:50.655  INFO PID_IS_UNDEFINED --- [           main] org.springframework.core.KotlinDetector  : Kotlin reflection implementation not found at runtime, related features won't be available.
2020-02-11 20:00:51.517  INFO 1852 --- [           main] com.spureb.willow.WillowApplication      : Starting WillowApplication on DESKTOP-F9J6DJ5 with PID 1852 (C:\Users\25244\IdeaProjects\SpurebBox\target\classes started by 25244 in C:\Users\25244\IdeaProjects\SpurebBox)
2020-02-11 20:00:51.518  INFO 1852 --- [           main] com.spureb.willow.WillowApplication      : The following profiles are active: dev
2020-02-11 20:00:52.781  INFO 1852 --- [           main] .s.d.r.c.RepositoryConfigurationDelegate : Multiple Spring Data modules found, entering strict repository configuration mode!
2020-02-11 20:00:52.785  INFO 1852 --- [           main] .s.d.r.c.RepositoryConfigurationDelegate : Bootstrapping Spring Data repositories in DEFAULT mode.
2020-02-11 20:00:52.846  INFO 1852 --- [           main] .s.d.r.c.RepositoryConfigurationDelegate : Finished Spring Data repository scanning in 33ms. Found 0 repository interfaces.
2020-02-11 20:00:53.289  INFO 1852 --- [           main] trationDelegate$BeanPostProcessorChecker : Bean 'org.springframework.transaction.annotation.ProxyTransactionManagementConfiguration' of type [org.springframework.transaction.annotation.ProxyTransactionManagementConfiguration$$EnhancerBySpringCGLIB$$2419c1fb] is not eligible for getting processed by all BeanPostProcessors (for example: not eligible for auto-proxying)
2020-02-11 20:00:53.706  INFO 1852 --- [           main] o.s.b.w.embedded.tomcat.TomcatWebServer  : Tomcat initialized with port(s): 8080 (http) 1408 (http)
2020-02-11 20:00:53.726  INFO 1852 --- [           main] o.a.coyote.http11.Http11NioProtocol      : Initializing ProtocolHandler ["http-nio-8080"]
2020-02-11 20:00:53.738  INFO 1852 --- [           main] o.a.coyote.http11.Http11NioProtocol      : Initializing ProtocolHandler ["http-nio-1408"]
2020-02-11 20:00:53.753  INFO 1852 --- [           main] o.apache.catalina.core.StandardService   : Starting service [Tomcat]
2020-02-11 20:00:53.754  INFO 1852 --- [           main] org.apache.catalina.core.StandardEngine  : Starting Servlet engine: [Apache Tomcat/9.0.17]
2020-02-11 20:00:53.936  INFO 1852 --- [           main] o.a.c.c.C.[Tomcat].[localhost].[/]       : Initializing Spring embedded WebApplicationContext
2020-02-11 20:00:53.936  INFO 1852 --- [           main] o.s.web.context.ContextLoader            : Root WebApplicationContext: initialization completed in 2321 ms
2020-02-11 20:00:54.202  INFO 1852 --- [           main] com.zaxxer.hikari.HikariDataSource       : HikariPool-1 - Starting...
2020-02-11 20:00:54.436  INFO 1852 --- [           main] com.zaxxer.hikari.HikariDataSource       : HikariPool-1 - Start completed.
2020-02-11 20:00:55.513  INFO 1852 --- [           main] o.f.c.internal.license.VersionPrinter    : Flyway Community Edition 5.2.4 by Boxfuse
2020-02-11 20:00:55.516  INFO 1852 --- [           main] o.f.c.internal.database.DatabaseFactory  : Database: jdbc:mysql://localhost:3306/a_spureb_box (MySQL 8.0)
2020-02-11 20:00:55.691  INFO 1852 --- [           main] o.f.core.internal.command.DbValidate     : Successfully validated 2 migrations (execution time 00:00.052s)
2020-02-11 20:00:55.709  INFO 1852 --- [           main] o.f.core.internal.command.DbMigrate      : Current version of schema `a_spureb_box`: 2
2020-02-11 20:00:55.710  INFO 1852 --- [           main] o.f.core.internal.command.DbMigrate      : Schema `a_spureb_box` is up to date. No migration necessary.
2020-02-11 20:00:55.866  INFO 1852 --- [           main] o.s.s.c.ThreadPoolTaskScheduler          : Initializing ExecutorService 'taskScheduler'
2020-02-11 20:00:55.955  INFO 1852 --- [           main] o.a.coyote.http11.Http11NioProtocol      : Starting ProtocolHandler ["http-nio-8080"]
2020-02-11 20:00:55.966  INFO 1852 --- [           main] o.a.coyote.http11.Http11NioProtocol      : Starting ProtocolHandler ["http-nio-1408"]
2020-02-11 20:00:55.975  INFO 1852 --- [           main] o.s.b.w.embedded.tomcat.TomcatWebServer  : Tomcat started on port(s): 8080 (http) 1408 (http) with context path ''
2020-02-11 20:00:55.979  INFO 1852 --- [           main] com.spureb.willow.WillowApplication      : Started WillowApplication in 5.24 seconds (JVM running for 7.093)
2020-02-11 20:02:40.229  INFO PID_IS_UNDEFINED --- [           main] org.springframework.core.KotlinDetector  : Kotlin reflection implementation not found at runtime, related features won't be available.
2020-02-11 20:02:40.838  INFO 13820 --- [           main] com.spureb.willow.WillowApplication      : Starting WillowApplication on DESKTOP-F9J6DJ5 with PID 13820 (C:\Users\25244\IdeaProjects\SpurebBox\target\classes started by 25244 in C:\Users\25244\IdeaProjects\SpurebBox)
2020-02-11 20:02:40.839  INFO 13820 --- [           main] com.spureb.willow.WillowApplication      : The following profiles are active: dev
2020-02-11 20:02:42.066  INFO 13820 --- [           main] .s.d.r.c.RepositoryConfigurationDelegate : Multiple Spring Data modules found, entering strict repository configuration mode!
2020-02-11 20:02:42.071  INFO 13820 --- [           main] .s.d.r.c.RepositoryConfigurationDelegate : Bootstrapping Spring Data repositories in DEFAULT mode.
2020-02-11 20:02:42.137  INFO 13820 --- [           main] .s.d.r.c.RepositoryConfigurationDelegate : Finished Spring Data repository scanning in 38ms. Found 0 repository interfaces.
2020-02-11 20:02:42.648  INFO 13820 --- [           main] trationDelegate$BeanPostProcessorChecker : Bean 'org.springframework.transaction.annotation.ProxyTransactionManagementConfiguration' of type [org.springframework.transaction.annotation.ProxyTransactionManagementConfiguration$$EnhancerBySpringCGLIB$$fa56a535] is not eligible for getting processed by all BeanPostProcessors (for example: not eligible for auto-proxying)
2020-02-11 20:02:43.123  INFO 13820 --- [           main] o.s.b.w.embedded.tomcat.TomcatWebServer  : Tomcat initialized with port(s): 8080 (http) 1408 (http)
2020-02-11 20:02:43.150  INFO 13820 --- [           main] o.a.coyote.http11.Http11NioProtocol      : Initializing ProtocolHandler ["http-nio-8080"]
2020-02-11 20:02:43.167  INFO 13820 --- [           main] o.a.coyote.http11.Http11NioProtocol      : Initializing ProtocolHandler ["http-nio-1408"]
2020-02-11 20:02:43.184  INFO 13820 --- [           main] o.apache.catalina.core.StandardService   : Starting service [Tomcat]
2020-02-11 20:02:43.185  INFO 13820 --- [           main] org.apache.catalina.core.StandardEngine  : Starting Servlet engine: [Apache Tomcat/9.0.17]
2020-02-11 20:02:43.403  INFO 13820 --- [           main] o.a.c.c.C.[Tomcat].[localhost].[/]       : Initializing Spring embedded WebApplicationContext
2020-02-11 20:02:43.404  INFO 13820 --- [           main] o.s.web.context.ContextLoader            : Root WebApplicationContext: initialization completed in 2467 ms
2020-02-11 20:02:43.754  INFO 13820 --- [           main] com.zaxxer.hikari.HikariDataSource       : HikariPool-1 - Starting...
2020-02-11 20:02:44.042  INFO 13820 --- [           main] com.zaxxer.hikari.HikariDataSource       : HikariPool-1 - Start completed.
2020-02-11 20:02:45.064  INFO 13820 --- [           main] o.f.c.internal.license.VersionPrinter    : Flyway Community Edition 5.2.4 by Boxfuse
2020-02-11 20:02:45.067  INFO 13820 --- [           main] o.f.c.internal.database.DatabaseFactory  : Database: jdbc:mysql://localhost:3306/a_spureb_box (MySQL 8.0)
2020-02-11 20:02:45.178  INFO 13820 --- [           main] o.f.core.internal.command.DbValidate     : Successfully validated 2 migrations (execution time 00:00.046s)
2020-02-11 20:02:45.194  INFO 13820 --- [           main] o.f.core.internal.command.DbMigrate      : Current version of schema `a_spureb_box`: 2
2020-02-11 20:02:45.195  INFO 13820 --- [           main] o.f.core.internal.command.DbMigrate      : Schema `a_spureb_box` is up to date. No migration necessary.
2020-02-11 20:02:45.334  INFO 13820 --- [           main] o.s.s.c.ThreadPoolTaskScheduler          : Initializing ExecutorService 'taskScheduler'
2020-02-11 20:02:45.407  INFO 13820 --- [           main] o.a.coyote.http11.Http11NioProtocol      : Starting ProtocolHandler ["http-nio-8080"]
2020-02-11 20:02:45.434  INFO 13820 --- [           main] o.a.coyote.http11.Http11NioProtocol      : Starting ProtocolHandler ["http-nio-1408"]
2020-02-11 20:02:45.445  INFO 13820 --- [           main] o.s.b.w.embedded.tomcat.TomcatWebServer  : Tomcat started on port(s): 8080 (http) 1408 (http) with context path ''
2020-02-11 20:02:45.448  INFO 13820 --- [           main] com.spureb.willow.WillowApplication      : Started WillowApplication in 5.171 seconds (JVM running for 6.794)
2020-02-11 20:02:58.317  INFO 13820 --- [nio-8080-exec-1] o.apache.tomcat.util.http.parser.Cookie  : A cookie header was received [1578530285] that contained an invalid cookie. That cookie will be ignored.
 Note: further occurrences of this error will be logged at DEBUG level.
2020-02-11 20:02:58.329  INFO 13820 --- [nio-8080-exec-1] o.a.c.c.C.[Tomcat].[localhost].[/]       : Initializing Spring DispatcherServlet 'dispatcherServlet'
2020-02-11 20:02:58.329  INFO 13820 --- [nio-8080-exec-1] o.s.web.servlet.DispatcherServlet        : Initializing Servlet 'dispatcherServlet'
2020-02-11 20:02:58.339  INFO 13820 --- [nio-8080-exec-1] o.s.web.servlet.DispatcherServlet        : Completed initialization in 10 ms
2020-02-11 20:05:49.992  INFO PID_IS_UNDEFINED --- [           main] org.springframework.core.KotlinDetector  : Kotlin reflection implementation not found at runtime, related features won't be available.
2020-02-11 20:05:50.691  INFO 3276 --- [           main] com.spureb.willow.WillowApplication      : Starting WillowApplication on DESKTOP-F9J6DJ5 with PID 3276 (C:\Users\25244\IdeaProjects\SpurebBox\target\classes started by 25244 in C:\Users\25244\IdeaProjects\SpurebBox)
2020-02-11 20:05:50.692  INFO 3276 --- [           main] com.spureb.willow.WillowApplication      : The following profiles are active: dev
2020-02-11 20:05:51.779  INFO 3276 --- [           main] .s.d.r.c.RepositoryConfigurationDelegate : Multiple Spring Data modules found, entering strict repository configuration mode!
2020-02-11 20:05:51.783  INFO 3276 --- [           main] .s.d.r.c.RepositoryConfigurationDelegate : Bootstrapping Spring Data repositories in DEFAULT mode.
2020-02-11 20:05:51.840  INFO 3276 --- [           main] .s.d.r.c.RepositoryConfigurationDelegate : Finished Spring Data repository scanning in 35ms. Found 0 repository interfaces.
2020-02-11 20:05:52.329  INFO 3276 --- [           main] trationDelegate$BeanPostProcessorChecker : Bean 'org.springframework.transaction.annotation.ProxyTransactionManagementConfiguration' of type [org.springframework.transaction.annotation.ProxyTransactionManagementConfiguration$$EnhancerBySpringCGLIB$$539bc211] is not eligible for getting processed by all BeanPostProcessors (for example: not eligible for auto-proxying)
2020-02-11 20:05:52.825  INFO 3276 --- [           main] o.s.b.w.embedded.tomcat.TomcatWebServer  : Tomcat initialized with port(s): 8080 (http) 1408 (http)
2020-02-11 20:05:52.845  INFO 3276 --- [           main] o.a.coyote.http11.Http11NioProtocol      : Initializing ProtocolHandler ["http-nio-8080"]
2020-02-11 20:05:52.860  INFO 3276 --- [           main] o.a.coyote.http11.Http11NioProtocol      : Initializing ProtocolHandler ["http-nio-1408"]
2020-02-11 20:05:52.876  INFO 3276 --- [           main] o.apache.catalina.core.StandardService   : Starting service [Tomcat]
2020-02-11 20:05:52.876  INFO 3276 --- [           main] org.apache.catalina.core.StandardEngine  : Starting Servlet engine: [Apache Tomcat/9.0.17]
2020-02-11 20:05:53.086  INFO 3276 --- [           main] o.a.c.c.C.[Tomcat].[localhost].[/]       : Initializing Spring embedded WebApplicationContext
2020-02-11 20:05:53.087  INFO 3276 --- [           main] o.s.web.context.ContextLoader            : Root WebApplicationContext: initialization completed in 2323 ms
2020-02-11 20:05:53.482  INFO 3276 --- [           main] com.zaxxer.hikari.HikariDataSource       : HikariPool-1 - Starting...
2020-02-11 20:05:53.918  INFO 3276 --- [           main] com.zaxxer.hikari.HikariDataSource       : HikariPool-1 - Start completed.
2020-02-11 20:05:55.022  INFO 3276 --- [           main] o.f.c.internal.license.VersionPrinter    : Flyway Community Edition 5.2.4 by Boxfuse
2020-02-11 20:05:55.025  INFO 3276 --- [           main] o.f.c.internal.database.DatabaseFactory  : Database: jdbc:mysql://localhost:3306/a_spureb_box (MySQL 8.0)
2020-02-11 20:05:55.148  INFO 3276 --- [           main] o.f.core.internal.command.DbValidate     : Successfully validated 2 migrations (execution time 00:00.047s)
2020-02-11 20:05:55.165  INFO 3276 --- [           main] o.f.core.internal.command.DbMigrate      : Current version of schema `a_spureb_box`: 2
2020-02-11 20:05:55.166  INFO 3276 --- [           main] o.f.core.internal.command.DbMigrate      : Schema `a_spureb_box` is up to date. No migration necessary.
2020-02-11 20:05:55.306  INFO 3276 --- [           main] o.s.s.c.ThreadPoolTaskScheduler          : Initializing ExecutorService 'taskScheduler'
2020-02-11 20:05:55.383  INFO 3276 --- [           main] o.a.coyote.http11.Http11NioProtocol      : Starting ProtocolHandler ["http-nio-8080"]
2020-02-11 20:05:55.393  INFO 3276 --- [           main] o.a.coyote.http11.Http11NioProtocol      : Starting ProtocolHandler ["http-nio-1408"]
2020-02-11 20:05:55.404  INFO 3276 --- [           main] o.s.b.w.embedded.tomcat.TomcatWebServer  : Tomcat started on port(s): 8080 (http) 1408 (http) with context path ''
2020-02-11 20:05:55.407  INFO 3276 --- [           main] com.spureb.willow.WillowApplication      : Started WillowApplication in 5.355 seconds (JVM running for 7.216)
2020-02-11 20:06:01.917  INFO 3276 --- [nio-8080-exec-1] o.a.c.c.C.[Tomcat].[localhost].[/]       : Initializing Spring DispatcherServlet 'dispatcherServlet'
2020-02-11 20:06:01.918  INFO 3276 --- [nio-8080-exec-1] o.s.web.servlet.DispatcherServlet        : Initializing Servlet 'dispatcherServlet'
2020-02-11 20:06:01.926  INFO 3276 --- [nio-8080-exec-1] o.s.web.servlet.DispatcherServlet        : Completed initialization in 8 ms
