2020-02-27 09:37:25.993  INFO PID_IS_UNDEFINED --- [           main] org.springframework.core.KotlinDetector  : Kotlin reflection implementation not found at runtime, related features won't be available.
2020-02-27 09:37:27.984  INFO 14496 --- [           main] com.spureb.willow.WillowApplication      : Starting WillowApplication on DESKTOP-F9J6DJ5 with PID 14496 (C:\Users\25244\IdeaProjects\SpurebBox\target\classes started by 25244 in C:\Users\25244\IdeaProjects\SpurebBox)
2020-02-27 09:37:27.985  INFO 14496 --- [           main] com.spureb.willow.WillowApplication      : The following profiles are active: dev
2020-02-27 09:37:30.224  INFO 14496 --- [           main] .s.d.r.c.RepositoryConfigurationDelegate : Multiple Spring Data modules found, entering strict repository configuration mode!
2020-02-27 09:37:30.229  INFO 14496 --- [           main] .s.d.r.c.RepositoryConfigurationDelegate : Bootstrapping Spring Data repositories in DEFAULT mode.
2020-02-27 09:37:30.295  INFO 14496 --- [           main] .s.d.r.c.RepositoryConfigurationDelegate : Finished Spring Data repository scanning in 40ms. Found 0 repository interfaces.
2020-02-27 09:37:30.965  INFO 14496 --- [           main] trationDelegate$BeanPostProcessorChecker : Bean 'org.springframework.transaction.annotation.ProxyTransactionManagementConfiguration' of type [org.springframework.transaction.annotation.ProxyTransactionManagementConfiguration$$EnhancerBySpringCGLIB$$6ccd0337] is not eligible for getting processed by all BeanPostProcessors (for example: not eligible for auto-proxying)
2020-02-27 09:37:31.655  INFO 14496 --- [           main] o.s.b.w.embedded.tomcat.TomcatWebServer  : Tomcat initialized with port(s): 8080 (http) 1408 (http)
2020-02-27 09:37:31.682  INFO 14496 --- [           main] o.a.coyote.http11.Http11NioProtocol      : Initializing ProtocolHandler ["http-nio-8080"]
2020-02-27 09:37:31.702  INFO 14496 --- [           main] o.a.coyote.http11.Http11NioProtocol      : Initializing ProtocolHandler ["http-nio-1408"]
2020-02-27 09:37:31.720  INFO 14496 --- [           main] o.apache.catalina.core.StandardService   : Starting service [Tomcat]
2020-02-27 09:37:31.720  INFO 14496 --- [           main] org.apache.catalina.core.StandardEngine  : Starting Servlet engine: [Apache Tomcat/9.0.17]
2020-02-27 09:37:32.013  INFO 14496 --- [           main] o.a.c.c.C.[Tomcat].[localhost].[/]       : Initializing Spring embedded WebApplicationContext
2020-02-27 09:37:32.014  INFO 14496 --- [           main] o.s.web.context.ContextLoader            : Root WebApplicationContext: initialization completed in 3838 ms
2020-02-27 09:37:32.508  INFO 14496 --- [           main] com.zaxxer.hikari.HikariDataSource       : HikariPool-1 - Starting...
2020-02-27 09:37:32.944  INFO 14496 --- [           main] com.zaxxer.hikari.HikariDataSource       : HikariPool-1 - Start completed.
2020-02-27 09:37:34.625  INFO 14496 --- [           main] o.f.c.internal.license.VersionPrinter    : Flyway Community Edition 5.2.4 by Boxfuse
2020-02-27 09:37:34.630  INFO 14496 --- [           main] o.f.c.internal.database.DatabaseFactory  : Database: jdbc:mysql://localhost:3306/a_spureb_box (MySQL 8.0)
2020-02-27 09:37:34.943  INFO 14496 --- [           main] o.f.core.internal.command.DbValidate     : Successfully validated 2 migrations (execution time 00:00.058s)
2020-02-27 09:37:34.962  INFO 14496 --- [           main] o.f.core.internal.command.DbMigrate      : Current version of schema `a_spureb_box`: 2
2020-02-27 09:37:34.964  INFO 14496 --- [           main] o.f.core.internal.command.DbMigrate      : Schema `a_spureb_box` is up to date. No migration necessary.
2020-02-27 09:37:35.131  INFO 14496 --- [           main] o.s.s.c.ThreadPoolTaskScheduler          : Initializing ExecutorService 'taskScheduler'
2020-02-27 09:37:35.208  INFO 14496 --- [           main] o.a.coyote.http11.Http11NioProtocol      : Starting ProtocolHandler ["http-nio-8080"]
2020-02-27 09:37:35.220  INFO 14496 --- [           main] o.a.coyote.http11.Http11NioProtocol      : Starting ProtocolHandler ["http-nio-1408"]
2020-02-27 09:37:35.231  INFO 14496 --- [           main] o.s.b.w.embedded.tomcat.TomcatWebServer  : Tomcat started on port(s): 8080 (http) 1408 (http) with context path ''
2020-02-27 09:37:35.235  INFO 14496 --- [           main] com.spureb.willow.WillowApplication      : Started WillowApplication in 9.04 seconds (JVM running for 14.928)
2020-02-27 09:37:52.996  INFO 14496 --- [nio-8080-exec-1] o.apache.tomcat.util.http.parser.Cookie  : A cookie header was received [1578530285] that contained an invalid cookie. That cookie will be ignored.
 Note: further occurrences of this error will be logged at DEBUG level.
2020-02-27 09:37:53.011  INFO 14496 --- [nio-8080-exec-1] o.a.c.c.C.[Tomcat].[localhost].[/]       : Initializing Spring DispatcherServlet 'dispatcherServlet'
2020-02-27 09:37:53.011  INFO 14496 --- [nio-8080-exec-1] o.s.web.servlet.DispatcherServlet        : Initializing Servlet 'dispatcherServlet'
2020-02-27 09:37:53.027  INFO 14496 --- [nio-8080-exec-1] o.s.web.servlet.DispatcherServlet        : Completed initialization in 15 ms
2020-02-27 11:14:58.459  INFO PID_IS_UNDEFINED --- [           main] org.springframework.core.KotlinDetector  : Kotlin reflection implementation not found at runtime, related features won't be available.
2020-02-27 11:14:59.196  INFO 8396 --- [           main] com.spureb.willow.WillowApplication      : Starting WillowApplication on DESKTOP-F9J6DJ5 with PID 8396 (C:\Users\25244\IdeaProjects\SpurebBox\target\classes started by 25244 in C:\Users\25244\IdeaProjects\SpurebBox)
2020-02-27 11:14:59.197  INFO 8396 --- [           main] com.spureb.willow.WillowApplication      : The following profiles are active: dev
2020-02-27 11:15:00.976  INFO 8396 --- [           main] .s.d.r.c.RepositoryConfigurationDelegate : Multiple Spring Data modules found, entering strict repository configuration mode!
2020-02-27 11:15:00.983  INFO 8396 --- [           main] .s.d.r.c.RepositoryConfigurationDelegate : Bootstrapping Spring Data repositories in DEFAULT mode.
2020-02-27 11:15:01.056  INFO 8396 --- [           main] .s.d.r.c.RepositoryConfigurationDelegate : Finished Spring Data repository scanning in 40ms. Found 0 repository interfaces.
2020-02-27 11:15:01.689  INFO 8396 --- [           main] trationDelegate$BeanPostProcessorChecker : Bean 'org.springframework.transaction.annotation.ProxyTransactionManagementConfiguration' of type [org.springframework.transaction.annotation.ProxyTransactionManagementConfiguration$$EnhancerBySpringCGLIB$$3474c06e] is not eligible for getting processed by all BeanPostProcessors (for example: not eligible for auto-proxying)
2020-02-27 11:15:02.169  INFO 8396 --- [           main] o.s.b.w.embedded.tomcat.TomcatWebServer  : Tomcat initialized with port(s): 8080 (http) 1408 (http)
2020-02-27 11:15:02.191  INFO 8396 --- [           main] o.a.coyote.http11.Http11NioProtocol      : Initializing ProtocolHandler ["http-nio-8080"]
2020-02-27 11:15:02.207  INFO 8396 --- [           main] o.a.coyote.http11.Http11NioProtocol      : Initializing ProtocolHandler ["http-nio-1408"]
2020-02-27 11:15:02.221  INFO 8396 --- [           main] o.apache.catalina.core.StandardService   : Starting service [Tomcat]
2020-02-27 11:15:02.221  INFO 8396 --- [           main] org.apache.catalina.core.StandardEngine  : Starting Servlet engine: [Apache Tomcat/9.0.17]
2020-02-27 11:15:02.422  INFO 8396 --- [           main] o.a.c.c.C.[Tomcat].[localhost].[/]       : Initializing Spring embedded WebApplicationContext
2020-02-27 11:15:02.423  INFO 8396 --- [           main] o.s.web.context.ContextLoader            : Root WebApplicationContext: initialization completed in 3151 ms
2020-02-27 11:15:02.732  INFO 8396 --- [           main] com.zaxxer.hikari.HikariDataSource       : HikariPool-1 - Starting...
2020-02-27 11:15:03.187  INFO 8396 --- [           main] com.zaxxer.hikari.HikariDataSource       : HikariPool-1 - Start completed.
2020-02-27 11:15:04.310  INFO 8396 --- [           main] o.f.c.internal.license.VersionPrinter    : Flyway Community Edition 5.2.4 by Boxfuse
2020-02-27 11:15:04.313  INFO 8396 --- [           main] o.f.c.internal.database.DatabaseFactory  : Database: jdbc:mysql://localhost:3306/a_spureb_box (MySQL 8.0)
2020-02-27 11:15:04.447  INFO 8396 --- [           main] o.f.core.internal.command.DbValidate     : Successfully validated 2 migrations (execution time 00:00.042s)
2020-02-27 11:15:04.459  INFO 8396 --- [           main] o.f.core.internal.command.DbMigrate      : Current version of schema `a_spureb_box`: 2
2020-02-27 11:15:04.460  INFO 8396 --- [           main] o.f.core.internal.command.DbMigrate      : Schema `a_spureb_box` is up to date. No migration necessary.
2020-02-27 11:15:04.583  INFO 8396 --- [           main] o.s.s.c.ThreadPoolTaskScheduler          : Initializing ExecutorService 'taskScheduler'
2020-02-27 11:15:04.647  INFO 8396 --- [           main] o.a.coyote.http11.Http11NioProtocol      : Starting ProtocolHandler ["http-nio-8080"]
2020-02-27 11:15:04.657  INFO 8396 --- [           main] o.a.coyote.http11.Http11NioProtocol      : Starting ProtocolHandler ["http-nio-1408"]
2020-02-27 11:15:04.667  INFO 8396 --- [           main] o.s.b.w.embedded.tomcat.TomcatWebServer  : Tomcat started on port(s): 8080 (http) 1408 (http) with context path ''
2020-02-27 11:15:04.670  INFO 8396 --- [           main] com.spureb.willow.WillowApplication      : Started WillowApplication in 6.153 seconds (JVM running for 7.671)
2020-02-27 11:17:42.368  INFO 8396 --- [nio-8080-exec-3] o.apache.tomcat.util.http.parser.Cookie  : A cookie header was received [1578530285; JSESSIONID=5CA82C6CA1B2809C8C70B5FFBE27591C] that contained an invalid cookie. That cookie will be ignored.
 Note: further occurrences of this error will be logged at DEBUG level.
2020-02-27 11:17:42.381  INFO 8396 --- [nio-8080-exec-3] o.a.c.c.C.[Tomcat].[localhost].[/]       : Initializing Spring DispatcherServlet 'dispatcherServlet'
2020-02-27 11:17:42.382  INFO 8396 --- [nio-8080-exec-3] o.s.web.servlet.DispatcherServlet        : Initializing Servlet 'dispatcherServlet'
2020-02-27 11:17:42.395  INFO 8396 --- [nio-8080-exec-3] o.s.web.servlet.DispatcherServlet        : Completed initialization in 13 ms
2020-02-27 11:34:00.441  INFO PID_IS_UNDEFINED --- [           main] org.springframework.core.KotlinDetector  : Kotlin reflection implementation not found at runtime, related features won't be available.
2020-02-27 11:34:01.025  INFO 18348 --- [           main] com.spureb.willow.WillowApplication      : Starting WillowApplication on DESKTOP-F9J6DJ5 with PID 18348 (C:\Users\25244\IdeaProjects\SpurebBox\target\classes started by 25244 in C:\Users\25244\IdeaProjects\SpurebBox)
2020-02-27 11:34:01.025  INFO 18348 --- [           main] com.spureb.willow.WillowApplication      : The following profiles are active: dev
2020-02-27 11:34:01.939  INFO 18348 --- [           main] .s.d.r.c.RepositoryConfigurationDelegate : Multiple Spring Data modules found, entering strict repository configuration mode!
2020-02-27 11:34:01.942  INFO 18348 --- [           main] .s.d.r.c.RepositoryConfigurationDelegate : Bootstrapping Spring Data repositories in DEFAULT mode.
2020-02-27 11:34:01.983  INFO 18348 --- [           main] .s.d.r.c.RepositoryConfigurationDelegate : Finished Spring Data repository scanning in 23ms. Found 0 repository interfaces.
2020-02-27 11:34:02.340  INFO 18348 --- [           main] trationDelegate$BeanPostProcessorChecker : Bean 'org.springframework.transaction.annotation.ProxyTransactionManagementConfiguration' of type [org.springframework.transaction.annotation.ProxyTransactionManagementConfiguration$$EnhancerBySpringCGLIB$$c6774a7d] is not eligible for getting processed by all BeanPostProcessors (for example: not eligible for auto-proxying)
2020-02-27 11:34:02.668  INFO 18348 --- [           main] o.s.b.w.embedded.tomcat.TomcatWebServer  : Tomcat initialized with port(s): 8080 (http) 1408 (http)
2020-02-27 11:34:02.683  INFO 18348 --- [           main] o.a.coyote.http11.Http11NioProtocol      : Initializing ProtocolHandler ["http-nio-8080"]
2020-02-27 11:34:02.693  INFO 18348 --- [           main] o.a.coyote.http11.Http11NioProtocol      : Initializing ProtocolHandler ["http-nio-1408"]
2020-02-27 11:34:02.705  INFO 18348 --- [           main] o.apache.catalina.core.StandardService   : Starting service [Tomcat]
2020-02-27 11:34:02.706  INFO 18348 --- [           main] org.apache.catalina.core.StandardEngine  : Starting Servlet engine: [Apache Tomcat/9.0.17]
2020-02-27 11:34:02.856  INFO 18348 --- [           main] o.a.c.c.C.[Tomcat].[localhost].[/]       : Initializing Spring embedded WebApplicationContext
2020-02-27 11:34:02.856  INFO 18348 --- [           main] o.s.web.context.ContextLoader            : Root WebApplicationContext: initialization completed in 1767 ms
2020-02-27 11:34:03.072  INFO 18348 --- [           main] com.zaxxer.hikari.HikariDataSource       : HikariPool-1 - Starting...
2020-02-27 11:34:03.270  INFO 18348 --- [           main] com.zaxxer.hikari.HikariDataSource       : HikariPool-1 - Start completed.
2020-02-27 11:34:04.115  INFO 18348 --- [           main] o.f.c.internal.license.VersionPrinter    : Flyway Community Edition 5.2.4 by Boxfuse
2020-02-27 11:34:04.118  INFO 18348 --- [           main] o.f.c.internal.database.DatabaseFactory  : Database: jdbc:mysql://localhost:3306/a_spureb_box (MySQL 8.0)
2020-02-27 11:34:04.229  INFO 18348 --- [           main] o.f.core.internal.command.DbValidate     : Successfully validated 2 migrations (execution time 00:00.042s)
2020-02-27 11:34:04.243  INFO 18348 --- [           main] o.f.core.internal.command.DbMigrate      : Current version of schema `a_spureb_box`: 2
2020-02-27 11:34:04.243  INFO 18348 --- [           main] o.f.core.internal.command.DbMigrate      : Schema `a_spureb_box` is up to date. No migration necessary.
2020-02-27 11:34:04.378  INFO 18348 --- [           main] o.s.s.c.ThreadPoolTaskScheduler          : Initializing ExecutorService 'taskScheduler'
2020-02-27 11:34:04.437  INFO 18348 --- [           main] o.a.coyote.http11.Http11NioProtocol      : Starting ProtocolHandler ["http-nio-8080"]
2020-02-27 11:34:04.446  INFO 18348 --- [           main] o.a.coyote.http11.Http11NioProtocol      : Starting ProtocolHandler ["http-nio-1408"]
2020-02-27 11:34:04.454  INFO 18348 --- [           main] o.s.b.w.embedded.tomcat.TomcatWebServer  : Tomcat started on port(s): 8080 (http) 1408 (http) with context path ''
2020-02-27 11:34:04.457  INFO 18348 --- [           main] com.spureb.willow.WillowApplication      : Started WillowApplication in 3.965 seconds (JVM running for 5.29)
2020-02-27 11:34:11.060  INFO 18348 --- [nio-8080-exec-1] o.apache.tomcat.util.http.parser.Cookie  : A cookie header was received [1578530285; JSESSIONID=5CA82C6CA1B2809C8C70B5FFBE27591C] that contained an invalid cookie. That cookie will be ignored.
 Note: further occurrences of this error will be logged at DEBUG level.
2020-02-27 11:34:11.078  INFO 18348 --- [nio-8080-exec-1] o.a.c.c.C.[Tomcat].[localhost].[/]       : Initializing Spring DispatcherServlet 'dispatcherServlet'
2020-02-27 11:34:11.079  INFO 18348 --- [nio-8080-exec-1] o.s.web.servlet.DispatcherServlet        : Initializing Servlet 'dispatcherServlet'
2020-02-27 11:34:11.100  INFO 18348 --- [nio-8080-exec-1] o.s.web.servlet.DispatcherServlet        : Completed initialization in 21 ms
2020-02-27 11:39:16.259  INFO PID_IS_UNDEFINED --- [           main] org.springframework.core.KotlinDetector  : Kotlin reflection implementation not found at runtime, related features won't be available.
2020-02-27 11:39:16.817  INFO 15640 --- [           main] com.spureb.willow.WillowApplication      : Starting WillowApplication on DESKTOP-F9J6DJ5 with PID 15640 (C:\Users\25244\IdeaProjects\SpurebBox\target\classes started by 25244 in C:\Users\25244\IdeaProjects\SpurebBox)
2020-02-27 11:39:16.818  INFO 15640 --- [           main] com.spureb.willow.WillowApplication      : The following profiles are active: dev
2020-02-27 11:39:17.663  INFO 15640 --- [           main] .s.d.r.c.RepositoryConfigurationDelegate : Multiple Spring Data modules found, entering strict repository configuration mode!
2020-02-27 11:39:17.665  INFO 15640 --- [           main] .s.d.r.c.RepositoryConfigurationDelegate : Bootstrapping Spring Data repositories in DEFAULT mode.
2020-02-27 11:39:17.702  INFO 15640 --- [           main] .s.d.r.c.RepositoryConfigurationDelegate : Finished Spring Data repository scanning in 22ms. Found 0 repository interfaces.
2020-02-27 11:39:18.052  INFO 15640 --- [           main] trationDelegate$BeanPostProcessorChecker : Bean 'org.springframework.transaction.annotation.ProxyTransactionManagementConfiguration' of type [org.springframework.transaction.annotation.ProxyTransactionManagementConfiguration$$EnhancerBySpringCGLIB$$819e6851] is not eligible for getting processed by all BeanPostProcessors (for example: not eligible for auto-proxying)
2020-02-27 11:39:18.387  INFO 15640 --- [           main] o.s.b.w.embedded.tomcat.TomcatWebServer  : Tomcat initialized with port(s): 8080 (http) 1408 (http)
2020-02-27 11:39:18.402  INFO 15640 --- [           main] o.a.coyote.http11.Http11NioProtocol      : Initializing ProtocolHandler ["http-nio-8080"]
2020-02-27 11:39:18.411  INFO 15640 --- [           main] o.a.coyote.http11.Http11NioProtocol      : Initializing ProtocolHandler ["http-nio-1408"]
2020-02-27 11:39:18.423  INFO 15640 --- [           main] o.apache.catalina.core.StandardService   : Starting service [Tomcat]
2020-02-27 11:39:18.424  INFO 15640 --- [           main] org.apache.catalina.core.StandardEngine  : Starting Servlet engine: [Apache Tomcat/9.0.17]
2020-02-27 11:39:18.581  INFO 15640 --- [           main] o.a.c.c.C.[Tomcat].[localhost].[/]       : Initializing Spring embedded WebApplicationContext
2020-02-27 11:39:18.582  INFO 15640 --- [           main] o.s.web.context.ContextLoader            : Root WebApplicationContext: initialization completed in 1708 ms
2020-02-27 11:39:18.815  INFO 15640 --- [           main] com.zaxxer.hikari.HikariDataSource       : HikariPool-1 - Starting...
2020-02-27 11:39:19.057  INFO 15640 --- [           main] com.zaxxer.hikari.HikariDataSource       : HikariPool-1 - Start completed.
2020-02-27 11:39:20.029  INFO 15640 --- [           main] o.f.c.internal.license.VersionPrinter    : Flyway Community Edition 5.2.4 by Boxfuse
2020-02-27 11:39:20.032  INFO 15640 --- [           main] o.f.c.internal.database.DatabaseFactory  : Database: jdbc:mysql://localhost:3306/a_spureb_box (MySQL 8.0)
2020-02-27 11:39:20.158  INFO 15640 --- [           main] o.f.core.internal.command.DbValidate     : Successfully validated 2 migrations (execution time 00:00.056s)
2020-02-27 11:39:20.173  INFO 15640 --- [           main] o.f.core.internal.command.DbMigrate      : Current version of schema `a_spureb_box`: 2
2020-02-27 11:39:20.174  INFO 15640 --- [           main] o.f.core.internal.command.DbMigrate      : Schema `a_spureb_box` is up to date. No migration necessary.
2020-02-27 11:39:20.317  INFO 15640 --- [           main] o.s.s.c.ThreadPoolTaskScheduler          : Initializing ExecutorService 'taskScheduler'
2020-02-27 11:39:20.382  INFO 15640 --- [           main] o.a.coyote.http11.Http11NioProtocol      : Starting ProtocolHandler ["http-nio-8080"]
2020-02-27 11:39:20.391  INFO 15640 --- [           main] o.a.coyote.http11.Http11NioProtocol      : Starting ProtocolHandler ["http-nio-1408"]
2020-02-27 11:39:20.401  INFO 15640 --- [           main] o.s.b.w.embedded.tomcat.TomcatWebServer  : Tomcat started on port(s): 8080 (http) 1408 (http) with context path ''
2020-02-27 11:39:20.404  INFO 15640 --- [           main] com.spureb.willow.WillowApplication      : Started WillowApplication in 4.086 seconds (JVM running for 6.954)
2020-02-27 11:39:22.989  INFO 15640 --- [nio-8080-exec-1] o.apache.tomcat.util.http.parser.Cookie  : A cookie header was received [1578530285; JSESSIONID=5CA82C6CA1B2809C8C70B5FFBE27591C] that contained an invalid cookie. That cookie will be ignored.
 Note: further occurrences of this error will be logged at DEBUG level.
2020-02-27 11:39:23.003  INFO 15640 --- [nio-8080-exec-1] o.a.c.c.C.[Tomcat].[localhost].[/]       : Initializing Spring DispatcherServlet 'dispatcherServlet'
2020-02-27 11:39:23.003  INFO 15640 --- [nio-8080-exec-1] o.s.web.servlet.DispatcherServlet        : Initializing Servlet 'dispatcherServlet'
2020-02-27 11:39:23.014  INFO 15640 --- [nio-8080-exec-1] o.s.web.servlet.DispatcherServlet        : Completed initialization in 11 ms
2020-02-27 12:25:36.138  INFO PID_IS_UNDEFINED --- [           main] org.springframework.core.KotlinDetector  : Kotlin reflection implementation not found at runtime, related features won't be available.
2020-02-27 12:25:36.798  INFO 10448 --- [           main] com.spureb.willow.WillowApplication      : Starting WillowApplication on DESKTOP-F9J6DJ5 with PID 10448 (C:\Users\25244\IdeaProjects\SpurebBox\target\classes started by 25244 in C:\Users\25244\IdeaProjects\SpurebBox)
2020-02-27 12:25:36.799  INFO 10448 --- [           main] com.spureb.willow.WillowApplication      : The following profiles are active: dev
2020-02-27 12:25:37.749  INFO 10448 --- [           main] .s.d.r.c.RepositoryConfigurationDelegate : Multiple Spring Data modules found, entering strict repository configuration mode!
2020-02-27 12:25:37.752  INFO 10448 --- [           main] .s.d.r.c.RepositoryConfigurationDelegate : Bootstrapping Spring Data repositories in DEFAULT mode.
2020-02-27 12:25:37.795  INFO 10448 --- [           main] .s.d.r.c.RepositoryConfigurationDelegate : Finished Spring Data repository scanning in 24ms. Found 0 repository interfaces.
2020-02-27 12:25:38.161  INFO 10448 --- [           main] trationDelegate$BeanPostProcessorChecker : Bean 'org.springframework.transaction.annotation.ProxyTransactionManagementConfiguration' of type [org.springframework.transaction.annotation.ProxyTransactionManagementConfiguration$$EnhancerBySpringCGLIB$$8132a6bd] is not eligible for getting processed by all BeanPostProcessors (for example: not eligible for auto-proxying)
2020-02-27 12:25:38.530  INFO 10448 --- [           main] o.s.b.w.embedded.tomcat.TomcatWebServer  : Tomcat initialized with port(s): 8080 (http) 1408 (http)
2020-02-27 12:25:38.548  INFO 10448 --- [           main] o.a.coyote.http11.Http11NioProtocol      : Initializing ProtocolHandler ["http-nio-8080"]
2020-02-27 12:25:38.559  INFO 10448 --- [           main] o.a.coyote.http11.Http11NioProtocol      : Initializing ProtocolHandler ["http-nio-1408"]
2020-02-27 12:25:38.572  INFO 10448 --- [           main] o.apache.catalina.core.StandardService   : Starting service [Tomcat]
2020-02-27 12:25:38.572  INFO 10448 --- [           main] org.apache.catalina.core.StandardEngine  : Starting Servlet engine: [Apache Tomcat/9.0.17]
2020-02-27 12:25:38.729  INFO 10448 --- [           main] o.a.c.c.C.[Tomcat].[localhost].[/]       : Initializing Spring embedded WebApplicationContext
2020-02-27 12:25:38.729  INFO 10448 --- [           main] o.s.web.context.ContextLoader            : Root WebApplicationContext: initialization completed in 1839 ms
2020-02-27 12:25:38.956  INFO 10448 --- [           main] com.zaxxer.hikari.HikariDataSource       : HikariPool-1 - Starting...
2020-02-27 12:25:39.171  INFO 10448 --- [           main] com.zaxxer.hikari.HikariDataSource       : HikariPool-1 - Start completed.
2020-02-27 12:25:40.108  INFO 10448 --- [           main] o.f.c.internal.license.VersionPrinter    : Flyway Community Edition 5.2.4 by Boxfuse
2020-02-27 12:25:40.111  INFO 10448 --- [           main] o.f.c.internal.database.DatabaseFactory  : Database: jdbc:mysql://localhost:3306/a_spureb_box (MySQL 8.0)
2020-02-27 12:25:40.265  INFO 10448 --- [           main] o.f.core.internal.command.DbValidate     : Successfully validated 2 migrations (execution time 00:00.060s)
2020-02-27 12:25:40.288  INFO 10448 --- [           main] o.f.core.internal.command.DbMigrate      : Current version of schema `a_spureb_box`: 2
2020-02-27 12:25:40.289  INFO 10448 --- [           main] o.f.core.internal.command.DbMigrate      : Schema `a_spureb_box` is up to date. No migration necessary.
2020-02-27 12:25:40.457  INFO 10448 --- [           main] o.s.s.c.ThreadPoolTaskScheduler          : Initializing ExecutorService 'taskScheduler'
2020-02-27 12:25:40.548  INFO 10448 --- [           main] o.a.coyote.http11.Http11NioProtocol      : Starting ProtocolHandler ["http-nio-8080"]
2020-02-27 12:25:40.559  INFO 10448 --- [           main] o.a.coyote.http11.Http11NioProtocol      : Starting ProtocolHandler ["http-nio-1408"]
2020-02-27 12:25:40.577  INFO 10448 --- [           main] o.s.b.w.embedded.tomcat.TomcatWebServer  : Tomcat started on port(s): 8080 (http) 1408 (http) with context path ''
2020-02-27 12:25:40.583  INFO 10448 --- [           main] com.spureb.willow.WillowApplication      : Started WillowApplication in 4.391 seconds (JVM running for 5.867)
2020-02-27 12:25:43.484  INFO 10448 --- [nio-8080-exec-1] o.apache.tomcat.util.http.parser.Cookie  : A cookie header was received [1578530285; JSESSIONID=5CA82C6CA1B2809C8C70B5FFBE27591C] that contained an invalid cookie. That cookie will be ignored.
 Note: further occurrences of this error will be logged at DEBUG level.
2020-02-27 12:25:43.498  INFO 10448 --- [nio-8080-exec-1] o.a.c.c.C.[Tomcat].[localhost].[/]       : Initializing Spring DispatcherServlet 'dispatcherServlet'
2020-02-27 12:25:43.498  INFO 10448 --- [nio-8080-exec-1] o.s.web.servlet.DispatcherServlet        : Initializing Servlet 'dispatcherServlet'
2020-02-27 12:25:43.510  INFO 10448 --- [nio-8080-exec-1] o.s.web.servlet.DispatcherServlet        : Completed initialization in 12 ms
2020-02-27 16:30:10.633  INFO PID_IS_UNDEFINED --- [           main] org.springframework.core.KotlinDetector  : Kotlin reflection implementation not found at runtime, related features won't be available.
2020-02-27 16:30:11.318  INFO 19432 --- [           main] com.spureb.willow.WillowApplication      : Starting WillowApplication on DESKTOP-F9J6DJ5 with PID 19432 (C:\Users\25244\IdeaProjects\SpurebBox\target\classes started by 25244 in C:\Users\25244\IdeaProjects\SpurebBox)
2020-02-27 16:30:11.319  INFO 19432 --- [           main] com.spureb.willow.WillowApplication      : The following profiles are active: dev
2020-02-27 16:30:12.299  INFO 19432 --- [           main] .s.d.r.c.RepositoryConfigurationDelegate : Multiple Spring Data modules found, entering strict repository configuration mode!
2020-02-27 16:30:12.302  INFO 19432 --- [           main] .s.d.r.c.RepositoryConfigurationDelegate : Bootstrapping Spring Data repositories in DEFAULT mode.
2020-02-27 16:30:12.351  INFO 19432 --- [           main] .s.d.r.c.RepositoryConfigurationDelegate : Finished Spring Data repository scanning in 26ms. Found 0 repository interfaces.
2020-02-27 16:30:12.754  INFO 19432 --- [           main] trationDelegate$BeanPostProcessorChecker : Bean 'org.springframework.transaction.annotation.ProxyTransactionManagementConfiguration' of type [org.springframework.transaction.annotation.ProxyTransactionManagementConfiguration$$EnhancerBySpringCGLIB$$13e55880] is not eligible for getting processed by all BeanPostProcessors (for example: not eligible for auto-proxying)
2020-02-27 16:30:13.251  INFO 19432 --- [           main] o.s.b.w.embedded.tomcat.TomcatWebServer  : Tomcat initialized with port(s): 8080 (http) 1408 (http)
2020-02-27 16:30:13.274  INFO 19432 --- [           main] o.a.coyote.http11.Http11NioProtocol      : Initializing ProtocolHandler ["http-nio-8080"]
2020-02-27 16:30:13.286  INFO 19432 --- [           main] o.a.coyote.http11.Http11NioProtocol      : Initializing ProtocolHandler ["http-nio-1408"]
2020-02-27 16:30:13.303  INFO 19432 --- [           main] o.apache.catalina.core.StandardService   : Starting service [Tomcat]
2020-02-27 16:30:13.303  INFO 19432 --- [           main] org.apache.catalina.core.StandardEngine  : Starting Servlet engine: [Apache Tomcat/9.0.17]
2020-02-27 16:30:13.478  INFO 19432 --- [           main] o.a.c.c.C.[Tomcat].[localhost].[/]       : Initializing Spring embedded WebApplicationContext
2020-02-27 16:30:13.478  INFO 19432 --- [           main] o.s.web.context.ContextLoader            : Root WebApplicationContext: initialization completed in 2080 ms
2020-02-27 16:30:13.724  INFO 19432 --- [           main] com.zaxxer.hikari.HikariDataSource       : HikariPool-1 - Starting...
2020-02-27 16:30:13.953  INFO 19432 --- [           main] com.zaxxer.hikari.HikariDataSource       : HikariPool-1 - Start completed.
2020-02-27 16:30:14.933  INFO 19432 --- [           main] o.f.c.internal.license.VersionPrinter    : Flyway Community Edition 5.2.4 by Boxfuse
2020-02-27 16:30:14.936  INFO 19432 --- [           main] o.f.c.internal.database.DatabaseFactory  : Database: jdbc:mysql://localhost:3306/a_spureb_box (MySQL 8.0)
2020-02-27 16:30:15.103  INFO 19432 --- [           main] o.f.core.internal.command.DbValidate     : Successfully validated 2 migrations (execution time 00:00.053s)
2020-02-27 16:30:15.118  INFO 19432 --- [           main] o.f.core.internal.command.DbMigrate      : Current version of schema `a_spureb_box`: 2
2020-02-27 16:30:15.119  INFO 19432 --- [           main] o.f.core.internal.command.DbMigrate      : Schema `a_spureb_box` is up to date. No migration necessary.
2020-02-27 16:30:15.254  INFO 19432 --- [           main] o.s.s.c.ThreadPoolTaskScheduler          : Initializing ExecutorService 'taskScheduler'
2020-02-27 16:30:15.320  INFO 19432 --- [           main] o.a.coyote.http11.Http11NioProtocol      : Starting ProtocolHandler ["http-nio-8080"]
2020-02-27 16:30:15.331  INFO 19432 --- [           main] o.a.coyote.http11.Http11NioProtocol      : Starting ProtocolHandler ["http-nio-1408"]
2020-02-27 16:30:15.341  INFO 19432 --- [           main] o.s.b.w.embedded.tomcat.TomcatWebServer  : Tomcat started on port(s): 8080 (http) 1408 (http) with context path ''
2020-02-27 16:30:15.344  INFO 19432 --- [           main] com.spureb.willow.WillowApplication      : Started WillowApplication in 4.654 seconds (JVM running for 6.223)
2020-02-27 16:30:16.949  INFO 19432 --- [nio-8080-exec-1] o.apache.tomcat.util.http.parser.Cookie  : A cookie header was received [1578530285] that contained an invalid cookie. That cookie will be ignored.
 Note: further occurrences of this error will be logged at DEBUG level.
2020-02-27 16:30:16.962  INFO 19432 --- [nio-8080-exec-1] o.a.c.c.C.[Tomcat].[localhost].[/]       : Initializing Spring DispatcherServlet 'dispatcherServlet'
2020-02-27 16:30:16.962  INFO 19432 --- [nio-8080-exec-1] o.s.web.servlet.DispatcherServlet        : Initializing Servlet 'dispatcherServlet'
2020-02-27 16:30:16.975  INFO 19432 --- [nio-8080-exec-1] o.s.web.servlet.DispatcherServlet        : Completed initialization in 13 ms
2020-02-27 18:18:15.708  INFO PID_IS_UNDEFINED --- [           main] org.springframework.core.KotlinDetector  : Kotlin reflection implementation not found at runtime, related features won't be available.
2020-02-27 18:18:16.266  INFO 1352 --- [           main] com.spureb.willow.WillowApplication      : Starting WillowApplication on DESKTOP-F9J6DJ5 with PID 1352 (C:\Users\25244\IdeaProjects\SpurebBox\target\classes started by 25244 in C:\Users\25244\IdeaProjects\SpurebBox)
2020-02-27 18:18:16.266  INFO 1352 --- [           main] com.spureb.willow.WillowApplication      : The following profiles are active: dev
2020-02-27 18:18:17.159  INFO 1352 --- [           main] .s.d.r.c.RepositoryConfigurationDelegate : Multiple Spring Data modules found, entering strict repository configuration mode!
2020-02-27 18:18:17.163  INFO 1352 --- [           main] .s.d.r.c.RepositoryConfigurationDelegate : Bootstrapping Spring Data repositories in DEFAULT mode.
2020-02-27 18:18:17.203  INFO 1352 --- [           main] .s.d.r.c.RepositoryConfigurationDelegate : Finished Spring Data repository scanning in 23ms. Found 0 repository interfaces.
2020-02-27 18:18:17.594  INFO 1352 --- [           main] trationDelegate$BeanPostProcessorChecker : Bean 'org.springframework.transaction.annotation.ProxyTransactionManagementConfiguration' of type [org.springframework.transaction.annotation.ProxyTransactionManagementConfiguration$$EnhancerBySpringCGLIB$$c8d4734] is not eligible for getting processed by all BeanPostProcessors (for example: not eligible for auto-proxying)
2020-02-27 18:18:17.961  INFO 1352 --- [           main] o.s.b.w.embedded.tomcat.TomcatWebServer  : Tomcat initialized with port(s): 8080 (http) 1408 (http)
2020-02-27 18:18:17.977  INFO 1352 --- [           main] o.a.coyote.http11.Http11NioProtocol      : Initializing ProtocolHandler ["http-nio-8080"]
2020-02-27 18:18:17.987  INFO 1352 --- [           main] o.a.coyote.http11.Http11NioProtocol      : Initializing ProtocolHandler ["http-nio-1408"]
2020-02-27 18:18:17.999  INFO 1352 --- [           main] o.apache.catalina.core.StandardService   : Starting service [Tomcat]
2020-02-27 18:18:17.999  INFO 1352 --- [           main] org.apache.catalina.core.StandardEngine  : Starting Servlet engine: [Apache Tomcat/9.0.17]
2020-02-27 18:18:18.163  INFO 1352 --- [           main] o.a.c.c.C.[Tomcat].[localhost].[/]       : Initializing Spring embedded WebApplicationContext
2020-02-27 18:18:18.164  INFO 1352 --- [           main] o.s.web.context.ContextLoader            : Root WebApplicationContext: initialization completed in 1841 ms
2020-02-27 18:18:18.402  INFO 1352 --- [           main] com.zaxxer.hikari.HikariDataSource       : HikariPool-1 - Starting...
2020-02-27 18:18:18.606  INFO 1352 --- [           main] com.zaxxer.hikari.HikariDataSource       : HikariPool-1 - Start completed.
2020-02-27 18:18:19.519  INFO 1352 --- [           main] o.f.c.internal.license.VersionPrinter    : Flyway Community Edition 5.2.4 by Boxfuse
2020-02-27 18:18:19.522  INFO 1352 --- [           main] o.f.c.internal.database.DatabaseFactory  : Database: jdbc:mysql://localhost:3306/a_spureb_box (MySQL 8.0)
2020-02-27 18:18:19.655  INFO 1352 --- [           main] o.f.core.internal.command.DbValidate     : Successfully validated 2 migrations (execution time 00:00.052s)
2020-02-27 18:18:19.669  INFO 1352 --- [           main] o.f.core.internal.command.DbMigrate      : Current version of schema `a_spureb_box`: 2
2020-02-27 18:18:19.670  INFO 1352 --- [           main] o.f.core.internal.command.DbMigrate      : Schema `a_spureb_box` is up to date. No migration necessary.
2020-02-27 18:18:19.800  INFO 1352 --- [           main] o.s.s.c.ThreadPoolTaskScheduler          : Initializing ExecutorService 'taskScheduler'
2020-02-27 18:18:19.863  INFO 1352 --- [           main] o.a.coyote.http11.Http11NioProtocol      : Starting ProtocolHandler ["http-nio-8080"]
2020-02-27 18:18:19.874  INFO 1352 --- [           main] o.a.coyote.http11.Http11NioProtocol      : Starting ProtocolHandler ["http-nio-1408"]
2020-02-27 18:18:19.884  INFO 1352 --- [           main] o.s.b.w.embedded.tomcat.TomcatWebServer  : Tomcat started on port(s): 8080 (http) 1408 (http) with context path ''
2020-02-27 18:18:19.888  INFO 1352 --- [           main] com.spureb.willow.WillowApplication      : Started WillowApplication in 4.127 seconds (JVM running for 5.759)
2020-02-27 18:18:23.573  INFO 1352 --- [nio-8080-exec-1] o.apache.tomcat.util.http.parser.Cookie  : A cookie header was received [1578530285] that contained an invalid cookie. That cookie will be ignored.
 Note: further occurrences of this error will be logged at DEBUG level.
2020-02-27 18:18:23.582  INFO 1352 --- [nio-8080-exec-1] o.a.c.c.C.[Tomcat].[localhost].[/]       : Initializing Spring DispatcherServlet 'dispatcherServlet'
2020-02-27 18:18:23.582  INFO 1352 --- [nio-8080-exec-1] o.s.web.servlet.DispatcherServlet        : Initializing Servlet 'dispatcherServlet'
2020-02-27 18:18:23.590  INFO 1352 --- [nio-8080-exec-1] o.s.web.servlet.DispatcherServlet        : Completed initialization in 8 ms
