2020-02-14 13:22:25.866  INFO PID_IS_UNDEFINED --- [           main] org.springframework.core.KotlinDetector  : Kotlin reflection implementation not found at runtime, related features won't be available.
2020-02-14 13:22:27.320  INFO 5176 --- [           main] com.spureb.willow.WillowApplication      : Starting WillowApplication on DESKTOP-F9J6DJ5 with PID 5176 (C:\Users\25244\IdeaProjects\SpurebBox\target\classes started by 25244 in C:\Users\25244\IdeaProjects\SpurebBox)
2020-02-14 13:22:27.321  INFO 5176 --- [           main] com.spureb.willow.WillowApplication      : The following profiles are active: dev
2020-02-14 13:22:29.122  INFO 5176 --- [           main] .s.d.r.c.RepositoryConfigurationDelegate : Multiple Spring Data modules found, entering strict repository configuration mode!
2020-02-14 13:22:29.127  INFO 5176 --- [           main] .s.d.r.c.RepositoryConfigurationDelegate : Bootstrapping Spring Data repositories in DEFAULT mode.
2020-02-14 13:22:29.192  INFO 5176 --- [           main] .s.d.r.c.RepositoryConfigurationDelegate : Finished Spring Data repository scanning in 36ms. Found 0 repository interfaces.
2020-02-14 13:22:29.789  INFO 5176 --- [           main] trationDelegate$BeanPostProcessorChecker : Bean 'org.springframework.transaction.annotation.ProxyTransactionManagementConfiguration' of type [org.springframework.transaction.annotation.ProxyTransactionManagementConfiguration$$EnhancerBySpringCGLIB$$e34dacd2] is not eligible for getting processed by all BeanPostProcessors (for example: not eligible for auto-proxying)
2020-02-14 13:22:30.299  INFO 5176 --- [           main] o.s.b.w.embedded.tomcat.TomcatWebServer  : Tomcat initialized with port(s): 8080 (http) 1408 (http)
2020-02-14 13:22:30.321  INFO 5176 --- [           main] o.a.coyote.http11.Http11NioProtocol      : Initializing ProtocolHandler ["http-nio-8080"]
2020-02-14 13:22:30.335  INFO 5176 --- [           main] o.a.coyote.http11.Http11NioProtocol      : Initializing ProtocolHandler ["http-nio-1408"]
2020-02-14 13:22:30.351  INFO 5176 --- [           main] o.apache.catalina.core.StandardService   : Starting service [Tomcat]
2020-02-14 13:22:30.352  INFO 5176 --- [           main] org.apache.catalina.core.StandardEngine  : Starting Servlet engine: [Apache Tomcat/9.0.17]
2020-02-14 13:22:30.625  INFO 5176 --- [           main] o.a.c.c.C.[Tomcat].[localhost].[/]       : Initializing Spring embedded WebApplicationContext
2020-02-14 13:22:30.626  INFO 5176 --- [           main] o.s.web.context.ContextLoader            : Root WebApplicationContext: initialization completed in 3040 ms
2020-02-14 13:22:31.180  INFO 5176 --- [           main] com.zaxxer.hikari.HikariDataSource       : HikariPool-1 - Starting...
2020-02-14 13:22:33.065  INFO 5176 --- [           main] com.zaxxer.hikari.HikariDataSource       : HikariPool-1 - Start completed.
2020-02-14 13:22:34.793  INFO 5176 --- [           main] o.f.c.internal.license.VersionPrinter    : Flyway Community Edition 5.2.4 by Boxfuse
2020-02-14 13:22:34.799  INFO 5176 --- [           main] o.f.c.internal.database.DatabaseFactory  : Database: jdbc:mysql://localhost:3306/a_spureb_box (MySQL 8.0)
2020-02-14 13:22:35.081  INFO 5176 --- [           main] o.f.core.internal.command.DbValidate     : Successfully validated 2 migrations (execution time 00:00.095s)
2020-02-14 13:22:35.104  INFO 5176 --- [           main] o.f.core.internal.command.DbMigrate      : Current version of schema `a_spureb_box`: 2
2020-02-14 13:22:35.105  INFO 5176 --- [           main] o.f.core.internal.command.DbMigrate      : Schema `a_spureb_box` is up to date. No migration necessary.
2020-02-14 13:22:35.330  INFO 5176 --- [           main] o.s.s.c.ThreadPoolTaskScheduler          : Initializing ExecutorService 'taskScheduler'
2020-02-14 13:22:35.431  INFO 5176 --- [           main] o.a.coyote.http11.Http11NioProtocol      : Starting ProtocolHandler ["http-nio-8080"]
2020-02-14 13:22:35.445  INFO 5176 --- [           main] o.a.coyote.http11.Http11NioProtocol      : Starting ProtocolHandler ["http-nio-1408"]
2020-02-14 13:22:35.458  INFO 5176 --- [           main] o.s.b.w.embedded.tomcat.TomcatWebServer  : Tomcat started on port(s): 8080 (http) 1408 (http) with context path ''
2020-02-14 13:22:35.462  INFO 5176 --- [           main] com.spureb.willow.WillowApplication      : Started WillowApplication in 9.514 seconds (JVM running for 11.763)
2020-02-14 13:25:50.068  INFO 5176 --- [nio-8080-exec-3] o.apache.tomcat.util.http.parser.Cookie  : A cookie header was received [1578530285] that contained an invalid cookie. That cookie will be ignored.
 Note: further occurrences of this error will be logged at DEBUG level.
2020-02-14 13:25:50.097  INFO 5176 --- [nio-8080-exec-3] o.a.c.c.C.[Tomcat].[localhost].[/]       : Initializing Spring DispatcherServlet 'dispatcherServlet'
2020-02-14 13:25:50.098  INFO 5176 --- [nio-8080-exec-3] o.s.web.servlet.DispatcherServlet        : Initializing Servlet 'dispatcherServlet'
2020-02-14 13:25:50.119  INFO 5176 --- [nio-8080-exec-3] o.s.web.servlet.DispatcherServlet        : Completed initialization in 21 ms
2020-02-14 15:28:24.665  INFO PID_IS_UNDEFINED --- [           main] org.springframework.core.KotlinDetector  : Kotlin reflection implementation not found at runtime, related features won't be available.
2020-02-14 15:28:25.340  INFO 9792 --- [           main] com.spureb.willow.WillowApplication      : Starting WillowApplication on DESKTOP-F9J6DJ5 with PID 9792 (C:\Users\25244\IdeaProjects\SpurebBox\target\classes started by 25244 in C:\Users\25244\IdeaProjects\SpurebBox)
2020-02-14 15:28:25.340  INFO 9792 --- [           main] com.spureb.willow.WillowApplication      : The following profiles are active: dev
2020-02-14 15:28:26.488  INFO 9792 --- [           main] .s.d.r.c.RepositoryConfigurationDelegate : Multiple Spring Data modules found, entering strict repository configuration mode!
2020-02-14 15:28:26.492  INFO 9792 --- [           main] .s.d.r.c.RepositoryConfigurationDelegate : Bootstrapping Spring Data repositories in DEFAULT mode.
2020-02-14 15:28:26.544  INFO 9792 --- [           main] .s.d.r.c.RepositoryConfigurationDelegate : Finished Spring Data repository scanning in 25ms. Found 0 repository interfaces.
2020-02-14 15:28:26.948  INFO 9792 --- [           main] trationDelegate$BeanPostProcessorChecker : Bean 'org.springframework.transaction.annotation.ProxyTransactionManagementConfiguration' of type [org.springframework.transaction.annotation.ProxyTransactionManagementConfiguration$$EnhancerBySpringCGLIB$$6e5ff379] is not eligible for getting processed by all BeanPostProcessors (for example: not eligible for auto-proxying)
2020-02-14 15:28:27.373  INFO 9792 --- [           main] o.s.b.w.embedded.tomcat.TomcatWebServer  : Tomcat initialized with port(s): 8080 (http) 1408 (http)
2020-02-14 15:28:27.391  INFO 9792 --- [           main] o.a.coyote.http11.Http11NioProtocol      : Initializing ProtocolHandler ["http-nio-8080"]
2020-02-14 15:28:27.403  INFO 9792 --- [           main] o.a.coyote.http11.Http11NioProtocol      : Initializing ProtocolHandler ["http-nio-1408"]
2020-02-14 15:28:27.417  INFO 9792 --- [           main] o.apache.catalina.core.StandardService   : Starting service [Tomcat]
2020-02-14 15:28:27.417  INFO 9792 --- [           main] org.apache.catalina.core.StandardEngine  : Starting Servlet engine: [Apache Tomcat/9.0.17]
2020-02-14 15:28:27.580  INFO 9792 --- [           main] o.a.c.c.C.[Tomcat].[localhost].[/]       : Initializing Spring embedded WebApplicationContext
2020-02-14 15:28:27.581  INFO 9792 --- [           main] o.s.web.context.ContextLoader            : Root WebApplicationContext: initialization completed in 2145 ms
2020-02-14 15:28:27.836  INFO 9792 --- [           main] com.zaxxer.hikari.HikariDataSource       : HikariPool-1 - Starting...
2020-02-14 15:28:28.059  INFO 9792 --- [           main] com.zaxxer.hikari.HikariDataSource       : HikariPool-1 - Start completed.
2020-02-14 15:28:29.027  INFO 9792 --- [           main] o.f.c.internal.license.VersionPrinter    : Flyway Community Edition 5.2.4 by Boxfuse
2020-02-14 15:28:29.030  INFO 9792 --- [           main] o.f.c.internal.database.DatabaseFactory  : Database: jdbc:mysql://localhost:3306/a_spureb_box (MySQL 8.0)
2020-02-14 15:28:29.201  INFO 9792 --- [           main] o.f.core.internal.command.DbValidate     : Successfully validated 2 migrations (execution time 00:00.048s)
2020-02-14 15:28:29.217  INFO 9792 --- [           main] o.f.core.internal.command.DbMigrate      : Current version of schema `a_spureb_box`: 2
2020-02-14 15:28:29.218  INFO 9792 --- [           main] o.f.core.internal.command.DbMigrate      : Schema `a_spureb_box` is up to date. No migration necessary.
2020-02-14 15:28:29.363  INFO 9792 --- [           main] o.s.s.c.ThreadPoolTaskScheduler          : Initializing ExecutorService 'taskScheduler'
2020-02-14 15:28:29.445  INFO 9792 --- [           main] o.a.coyote.http11.Http11NioProtocol      : Starting ProtocolHandler ["http-nio-8080"]
2020-02-14 15:28:29.454  INFO 9792 --- [           main] o.a.coyote.http11.Http11NioProtocol      : Starting ProtocolHandler ["http-nio-1408"]
2020-02-14 15:28:29.464  INFO 9792 --- [           main] o.s.b.w.embedded.tomcat.TomcatWebServer  : Tomcat started on port(s): 8080 (http) 1408 (http) with context path ''
2020-02-14 15:28:29.468  INFO 9792 --- [           main] com.spureb.willow.WillowApplication      : Started WillowApplication in 4.734 seconds (JVM running for 6.396)
2020-02-14 15:42:53.664  INFO PID_IS_UNDEFINED --- [           main] org.springframework.core.KotlinDetector  : Kotlin reflection implementation not found at runtime, related features won't be available.
2020-02-14 15:42:54.422  INFO 7676 --- [           main] com.spureb.willow.WillowApplication      : Starting WillowApplication on DESKTOP-F9J6DJ5 with PID 7676 (C:\Users\25244\IdeaProjects\SpurebBox\target\classes started by 25244 in C:\Users\25244\IdeaProjects\SpurebBox)
2020-02-14 15:42:54.423  INFO 7676 --- [           main] com.spureb.willow.WillowApplication      : The following profiles are active: dev
2020-02-14 15:42:55.486  INFO 7676 --- [           main] .s.d.r.c.RepositoryConfigurationDelegate : Multiple Spring Data modules found, entering strict repository configuration mode!
2020-02-14 15:42:55.489  INFO 7676 --- [           main] .s.d.r.c.RepositoryConfigurationDelegate : Bootstrapping Spring Data repositories in DEFAULT mode.
2020-02-14 15:42:55.530  INFO 7676 --- [           main] .s.d.r.c.RepositoryConfigurationDelegate : Finished Spring Data repository scanning in 25ms. Found 0 repository interfaces.
2020-02-14 15:42:55.992  INFO 7676 --- [           main] trationDelegate$BeanPostProcessorChecker : Bean 'org.springframework.transaction.annotation.ProxyTransactionManagementConfiguration' of type [org.springframework.transaction.annotation.ProxyTransactionManagementConfiguration$$EnhancerBySpringCGLIB$$6af2c48e] is not eligible for getting processed by all BeanPostProcessors (for example: not eligible for auto-proxying)
2020-02-14 15:42:56.569  INFO 7676 --- [           main] o.s.b.w.embedded.tomcat.TomcatWebServer  : Tomcat initialized with port(s): 8080 (http) 1408 (http)
2020-02-14 15:42:56.603  INFO 7676 --- [           main] o.a.coyote.http11.Http11NioProtocol      : Initializing ProtocolHandler ["http-nio-8080"]
2020-02-14 15:42:56.626  INFO 7676 --- [           main] o.a.coyote.http11.Http11NioProtocol      : Initializing ProtocolHandler ["http-nio-1408"]
2020-02-14 15:42:56.650  INFO 7676 --- [           main] o.apache.catalina.core.StandardService   : Starting service [Tomcat]
2020-02-14 15:42:56.651  INFO 7676 --- [           main] org.apache.catalina.core.StandardEngine  : Starting Servlet engine: [Apache Tomcat/9.0.17]
2020-02-14 15:42:56.885  INFO 7676 --- [           main] o.a.c.c.C.[Tomcat].[localhost].[/]       : Initializing Spring embedded WebApplicationContext
2020-02-14 15:42:56.886  INFO 7676 --- [           main] o.s.web.context.ContextLoader            : Root WebApplicationContext: initialization completed in 2394 ms
2020-02-14 15:42:57.214  INFO 7676 --- [           main] com.zaxxer.hikari.HikariDataSource       : HikariPool-1 - Starting...
2020-02-14 15:42:57.535  INFO 7676 --- [           main] com.zaxxer.hikari.HikariDataSource       : HikariPool-1 - Start completed.
2020-02-14 15:42:58.854  INFO 7676 --- [           main] o.f.c.internal.license.VersionPrinter    : Flyway Community Edition 5.2.4 by Boxfuse
2020-02-14 15:42:58.859  INFO 7676 --- [           main] o.f.c.internal.database.DatabaseFactory  : Database: jdbc:mysql://localhost:3306/a_spureb_box (MySQL 8.0)
2020-02-14 15:42:59.050  INFO 7676 --- [           main] o.f.core.internal.command.DbValidate     : Successfully validated 2 migrations (execution time 00:00.066s)
2020-02-14 15:42:59.068  INFO 7676 --- [           main] o.f.core.internal.command.DbMigrate      : Current version of schema `a_spureb_box`: 2
2020-02-14 15:42:59.069  INFO 7676 --- [           main] o.f.core.internal.command.DbMigrate      : Schema `a_spureb_box` is up to date. No migration necessary.
2020-02-14 15:42:59.251  INFO 7676 --- [           main] o.s.s.c.ThreadPoolTaskScheduler          : Initializing ExecutorService 'taskScheduler'
2020-02-14 15:42:59.370  INFO 7676 --- [           main] o.a.coyote.http11.Http11NioProtocol      : Starting ProtocolHandler ["http-nio-8080"]
2020-02-14 15:42:59.386  INFO 7676 --- [           main] o.a.coyote.http11.Http11NioProtocol      : Starting ProtocolHandler ["http-nio-1408"]
2020-02-14 15:42:59.402  INFO 7676 --- [           main] o.s.b.w.embedded.tomcat.TomcatWebServer  : Tomcat started on port(s): 8080 (http) 1408 (http) with context path ''
2020-02-14 15:42:59.407  INFO 7676 --- [           main] com.spureb.willow.WillowApplication      : Started WillowApplication in 5.678 seconds (JVM running for 7.767)
2020-02-14 15:43:57.377  INFO 7676 --- [nio-8080-exec-1] o.apache.tomcat.util.http.parser.Cookie  : A cookie header was received [1578530285] that contained an invalid cookie. That cookie will be ignored.
 Note: further occurrences of this error will be logged at DEBUG level.
2020-02-14 15:43:57.390  INFO 7676 --- [nio-8080-exec-1] o.a.c.c.C.[Tomcat].[localhost].[/]       : Initializing Spring DispatcherServlet 'dispatcherServlet'
2020-02-14 15:43:57.390  INFO 7676 --- [nio-8080-exec-1] o.s.web.servlet.DispatcherServlet        : Initializing Servlet 'dispatcherServlet'
2020-02-14 15:43:57.402  INFO 7676 --- [nio-8080-exec-1] o.s.web.servlet.DispatcherServlet        : Completed initialization in 12 ms
2020-02-14 16:09:56.925  INFO PID_IS_UNDEFINED --- [           main] org.springframework.core.KotlinDetector  : Kotlin reflection implementation not found at runtime, related features won't be available.
2020-02-14 16:09:57.560  INFO 15060 --- [           main] com.spureb.willow.WillowApplication      : Starting WillowApplication on DESKTOP-F9J6DJ5 with PID 15060 (C:\Users\25244\IdeaProjects\SpurebBox\target\classes started by 25244 in C:\Users\25244\IdeaProjects\SpurebBox)
2020-02-14 16:09:57.561  INFO 15060 --- [           main] com.spureb.willow.WillowApplication      : The following profiles are active: dev
2020-02-14 16:09:58.790  INFO 15060 --- [           main] .s.d.r.c.RepositoryConfigurationDelegate : Multiple Spring Data modules found, entering strict repository configuration mode!
2020-02-14 16:09:58.795  INFO 15060 --- [           main] .s.d.r.c.RepositoryConfigurationDelegate : Bootstrapping Spring Data repositories in DEFAULT mode.
2020-02-14 16:09:58.845  INFO 15060 --- [           main] .s.d.r.c.RepositoryConfigurationDelegate : Finished Spring Data repository scanning in 31ms. Found 0 repository interfaces.
2020-02-14 16:09:59.241  INFO 15060 --- [           main] trationDelegate$BeanPostProcessorChecker : Bean 'org.springframework.transaction.annotation.ProxyTransactionManagementConfiguration' of type [org.springframework.transaction.annotation.ProxyTransactionManagementConfiguration$$EnhancerBySpringCGLIB$$c3b791b4] is not eligible for getting processed by all BeanPostProcessors (for example: not eligible for auto-proxying)
2020-02-14 16:09:59.644  INFO 15060 --- [           main] o.s.b.w.embedded.tomcat.TomcatWebServer  : Tomcat initialized with port(s): 8080 (http) 1408 (http)
2020-02-14 16:09:59.661  INFO 15060 --- [           main] o.a.coyote.http11.Http11NioProtocol      : Initializing ProtocolHandler ["http-nio-8080"]
2020-02-14 16:09:59.671  INFO 15060 --- [           main] o.a.coyote.http11.Http11NioProtocol      : Initializing ProtocolHandler ["http-nio-1408"]
2020-02-14 16:09:59.685  INFO 15060 --- [           main] o.apache.catalina.core.StandardService   : Starting service [Tomcat]
2020-02-14 16:09:59.685  INFO 15060 --- [           main] org.apache.catalina.core.StandardEngine  : Starting Servlet engine: [Apache Tomcat/9.0.17]
2020-02-14 16:09:59.847  INFO 15060 --- [           main] o.a.c.c.C.[Tomcat].[localhost].[/]       : Initializing Spring embedded WebApplicationContext
2020-02-14 16:09:59.847  INFO 15060 --- [           main] o.s.web.context.ContextLoader            : Root WebApplicationContext: initialization completed in 2213 ms
2020-02-14 16:10:00.079  INFO 15060 --- [           main] com.zaxxer.hikari.HikariDataSource       : HikariPool-1 - Starting...
2020-02-14 16:10:00.331  INFO 15060 --- [           main] com.zaxxer.hikari.HikariDataSource       : HikariPool-1 - Start completed.
2020-02-14 16:10:01.233  INFO 15060 --- [           main] o.f.c.internal.license.VersionPrinter    : Flyway Community Edition 5.2.4 by Boxfuse
2020-02-14 16:10:01.236  INFO 15060 --- [           main] o.f.c.internal.database.DatabaseFactory  : Database: jdbc:mysql://localhost:3306/a_spureb_box (MySQL 8.0)
2020-02-14 16:10:01.413  INFO 15060 --- [           main] o.f.core.internal.command.DbValidate     : Successfully validated 2 migrations (execution time 00:00.072s)
2020-02-14 16:10:01.435  INFO 15060 --- [           main] o.f.core.internal.command.DbMigrate      : Current version of schema `a_spureb_box`: 2
2020-02-14 16:10:01.436  INFO 15060 --- [           main] o.f.core.internal.command.DbMigrate      : Schema `a_spureb_box` is up to date. No migration necessary.
2020-02-14 16:10:01.650  INFO 15060 --- [           main] o.s.s.c.ThreadPoolTaskScheduler          : Initializing ExecutorService 'taskScheduler'
2020-02-14 16:10:01.749  INFO 15060 --- [           main] o.a.coyote.http11.Http11NioProtocol      : Starting ProtocolHandler ["http-nio-8080"]
2020-02-14 16:10:01.762  INFO 15060 --- [           main] o.a.coyote.http11.Http11NioProtocol      : Starting ProtocolHandler ["http-nio-1408"]
2020-02-14 16:10:01.774  INFO 15060 --- [           main] o.s.b.w.embedded.tomcat.TomcatWebServer  : Tomcat started on port(s): 8080 (http) 1408 (http) with context path ''
2020-02-14 16:10:01.780  INFO 15060 --- [           main] com.spureb.willow.WillowApplication      : Started WillowApplication in 4.813 seconds (JVM running for 6.388)
2020-02-14 16:10:27.111  INFO 15060 --- [nio-8080-exec-1] o.apache.tomcat.util.http.parser.Cookie  : A cookie header was received [1578530285] that contained an invalid cookie. That cookie will be ignored.
 Note: further occurrences of this error will be logged at DEBUG level.
2020-02-14 16:10:27.122  INFO 15060 --- [nio-8080-exec-1] o.a.c.c.C.[Tomcat].[localhost].[/]       : Initializing Spring DispatcherServlet 'dispatcherServlet'
2020-02-14 16:10:27.122  INFO 15060 --- [nio-8080-exec-1] o.s.web.servlet.DispatcherServlet        : Initializing Servlet 'dispatcherServlet'
2020-02-14 16:10:27.130  INFO 15060 --- [nio-8080-exec-1] o.s.web.servlet.DispatcherServlet        : Completed initialization in 8 ms
2020-02-14 16:20:42.153  INFO PID_IS_UNDEFINED --- [           main] org.springframework.core.KotlinDetector  : Kotlin reflection implementation not found at runtime, related features won't be available.
2020-02-14 16:20:42.826  INFO 14656 --- [           main] com.spureb.willow.WillowApplication      : Starting WillowApplication on DESKTOP-F9J6DJ5 with PID 14656 (C:\Users\25244\IdeaProjects\SpurebBox\target\classes started by 25244 in C:\Users\25244\IdeaProjects\SpurebBox)
2020-02-14 16:20:42.826  INFO 14656 --- [           main] com.spureb.willow.WillowApplication      : The following profiles are active: dev
2020-02-14 16:20:43.924  INFO 14656 --- [           main] .s.d.r.c.RepositoryConfigurationDelegate : Multiple Spring Data modules found, entering strict repository configuration mode!
2020-02-14 16:20:43.928  INFO 14656 --- [           main] .s.d.r.c.RepositoryConfigurationDelegate : Bootstrapping Spring Data repositories in DEFAULT mode.
2020-02-14 16:20:43.973  INFO 14656 --- [           main] .s.d.r.c.RepositoryConfigurationDelegate : Finished Spring Data repository scanning in 28ms. Found 0 repository interfaces.
2020-02-14 16:20:44.385  INFO 14656 --- [           main] trationDelegate$BeanPostProcessorChecker : Bean 'org.springframework.transaction.annotation.ProxyTransactionManagementConfiguration' of type [org.springframework.transaction.annotation.ProxyTransactionManagementConfiguration$$EnhancerBySpringCGLIB$$b8c11223] is not eligible for getting processed by all BeanPostProcessors (for example: not eligible for auto-proxying)
2020-02-14 16:20:44.769  INFO 14656 --- [           main] o.s.b.w.embedded.tomcat.TomcatWebServer  : Tomcat initialized with port(s): 8080 (http) 1408 (http)
2020-02-14 16:20:44.787  INFO 14656 --- [           main] o.a.coyote.http11.Http11NioProtocol      : Initializing ProtocolHandler ["http-nio-8080"]
2020-02-14 16:20:44.801  INFO 14656 --- [           main] o.a.coyote.http11.Http11NioProtocol      : Initializing ProtocolHandler ["http-nio-1408"]
2020-02-14 16:20:44.829  INFO 14656 --- [           main] o.apache.catalina.core.StandardService   : Starting service [Tomcat]
2020-02-14 16:20:44.830  INFO 14656 --- [           main] org.apache.catalina.core.StandardEngine  : Starting Servlet engine: [Apache Tomcat/9.0.17]
2020-02-14 16:20:45.027  INFO 14656 --- [           main] o.a.c.c.C.[Tomcat].[localhost].[/]       : Initializing Spring embedded WebApplicationContext
2020-02-14 16:20:45.028  INFO 14656 --- [           main] o.s.web.context.ContextLoader            : Root WebApplicationContext: initialization completed in 2129 ms
2020-02-14 16:20:45.267  INFO 14656 --- [           main] com.zaxxer.hikari.HikariDataSource       : HikariPool-1 - Starting...
2020-02-14 16:20:45.482  INFO 14656 --- [           main] com.zaxxer.hikari.HikariDataSource       : HikariPool-1 - Start completed.
2020-02-14 16:20:46.453  INFO 14656 --- [           main] o.f.c.internal.license.VersionPrinter    : Flyway Community Edition 5.2.4 by Boxfuse
2020-02-14 16:20:46.456  INFO 14656 --- [           main] o.f.c.internal.database.DatabaseFactory  : Database: jdbc:mysql://localhost:3306/a_spureb_box (MySQL 8.0)
2020-02-14 16:20:46.586  INFO 14656 --- [           main] o.f.core.internal.command.DbValidate     : Successfully validated 2 migrations (execution time 00:00.052s)
2020-02-14 16:20:46.601  INFO 14656 --- [           main] o.f.core.internal.command.DbMigrate      : Current version of schema `a_spureb_box`: 2
2020-02-14 16:20:46.602  INFO 14656 --- [           main] o.f.core.internal.command.DbMigrate      : Schema `a_spureb_box` is up to date. No migration necessary.
2020-02-14 16:20:46.759  INFO 14656 --- [           main] o.s.s.c.ThreadPoolTaskScheduler          : Initializing ExecutorService 'taskScheduler'
2020-02-14 16:20:46.830  INFO 14656 --- [           main] o.a.coyote.http11.Http11NioProtocol      : Starting ProtocolHandler ["http-nio-8080"]
2020-02-14 16:20:46.840  INFO 14656 --- [           main] o.a.coyote.http11.Http11NioProtocol      : Starting ProtocolHandler ["http-nio-1408"]
2020-02-14 16:20:46.851  INFO 14656 --- [           main] o.s.b.w.embedded.tomcat.TomcatWebServer  : Tomcat started on port(s): 8080 (http) 1408 (http) with context path ''
2020-02-14 16:20:46.855  INFO 14656 --- [           main] com.spureb.willow.WillowApplication      : Started WillowApplication in 4.654 seconds (JVM running for 6.253)
2020-02-14 16:21:17.868  INFO 14656 --- [nio-8080-exec-1] o.apache.tomcat.util.http.parser.Cookie  : A cookie header was received [1578530285] that contained an invalid cookie. That cookie will be ignored.
 Note: further occurrences of this error will be logged at DEBUG level.
2020-02-14 16:21:17.876  INFO 14656 --- [nio-8080-exec-1] o.a.c.c.C.[Tomcat].[localhost].[/]       : Initializing Spring DispatcherServlet 'dispatcherServlet'
2020-02-14 16:21:17.876  INFO 14656 --- [nio-8080-exec-1] o.s.web.servlet.DispatcherServlet        : Initializing Servlet 'dispatcherServlet'
2020-02-14 16:21:17.886  INFO 14656 --- [nio-8080-exec-1] o.s.web.servlet.DispatcherServlet        : Completed initialization in 9 ms
2020-02-14 16:22:34.810  INFO PID_IS_UNDEFINED --- [           main] org.springframework.core.KotlinDetector  : Kotlin reflection implementation not found at runtime, related features won't be available.
2020-02-14 16:22:35.508  INFO 4708 --- [           main] com.spureb.willow.WillowApplication      : Starting WillowApplication on DESKTOP-F9J6DJ5 with PID 4708 (C:\Users\25244\IdeaProjects\SpurebBox\target\classes started by 25244 in C:\Users\25244\IdeaProjects\SpurebBox)
2020-02-14 16:22:35.509  INFO 4708 --- [           main] com.spureb.willow.WillowApplication      : The following profiles are active: dev
2020-02-14 16:22:36.752  INFO 4708 --- [           main] .s.d.r.c.RepositoryConfigurationDelegate : Multiple Spring Data modules found, entering strict repository configuration mode!
2020-02-14 16:22:36.756  INFO 4708 --- [           main] .s.d.r.c.RepositoryConfigurationDelegate : Bootstrapping Spring Data repositories in DEFAULT mode.
2020-02-14 16:22:36.805  INFO 4708 --- [           main] .s.d.r.c.RepositoryConfigurationDelegate : Finished Spring Data repository scanning in 29ms. Found 0 repository interfaces.
2020-02-14 16:22:37.285  INFO 4708 --- [           main] trationDelegate$BeanPostProcessorChecker : Bean 'org.springframework.transaction.annotation.ProxyTransactionManagementConfiguration' of type [org.springframework.transaction.annotation.ProxyTransactionManagementConfiguration$$EnhancerBySpringCGLIB$$fa80b3a7] is not eligible for getting processed by all BeanPostProcessors (for example: not eligible for auto-proxying)
2020-02-14 16:22:37.714  INFO 4708 --- [           main] o.s.b.w.embedded.tomcat.TomcatWebServer  : Tomcat initialized with port(s): 8080 (http) 1408 (http)
2020-02-14 16:22:37.734  INFO 4708 --- [           main] o.a.coyote.http11.Http11NioProtocol      : Initializing ProtocolHandler ["http-nio-8080"]
2020-02-14 16:22:37.749  INFO 4708 --- [           main] o.a.coyote.http11.Http11NioProtocol      : Initializing ProtocolHandler ["http-nio-1408"]
2020-02-14 16:22:37.766  INFO 4708 --- [           main] o.apache.catalina.core.StandardService   : Starting service [Tomcat]
2020-02-14 16:22:37.766  INFO 4708 --- [           main] org.apache.catalina.core.StandardEngine  : Starting Servlet engine: [Apache Tomcat/9.0.17]
2020-02-14 16:22:37.969  INFO 4708 --- [           main] o.a.c.c.C.[Tomcat].[localhost].[/]       : Initializing Spring embedded WebApplicationContext
2020-02-14 16:22:37.970  INFO 4708 --- [           main] o.s.web.context.ContextLoader            : Root WebApplicationContext: initialization completed in 2370 ms
2020-02-14 16:22:38.251  INFO 4708 --- [           main] com.zaxxer.hikari.HikariDataSource       : HikariPool-1 - Starting...
2020-02-14 16:22:38.506  INFO 4708 --- [           main] com.zaxxer.hikari.HikariDataSource       : HikariPool-1 - Start completed.
2020-02-14 16:22:39.493  INFO 4708 --- [           main] o.f.c.internal.license.VersionPrinter    : Flyway Community Edition 5.2.4 by Boxfuse
2020-02-14 16:22:39.496  INFO 4708 --- [           main] o.f.c.internal.database.DatabaseFactory  : Database: jdbc:mysql://localhost:3306/a_spureb_box (MySQL 8.0)
2020-02-14 16:22:39.616  INFO 4708 --- [           main] o.f.core.internal.command.DbValidate     : Successfully validated 2 migrations (execution time 00:00.050s)
2020-02-14 16:22:39.632  INFO 4708 --- [           main] o.f.core.internal.command.DbMigrate      : Current version of schema `a_spureb_box`: 2
2020-02-14 16:22:39.633  INFO 4708 --- [           main] o.f.core.internal.command.DbMigrate      : Schema `a_spureb_box` is up to date. No migration necessary.
2020-02-14 16:22:39.792  INFO 4708 --- [           main] o.s.s.c.ThreadPoolTaskScheduler          : Initializing ExecutorService 'taskScheduler'
2020-02-14 16:22:39.857  INFO 4708 --- [           main] o.a.coyote.http11.Http11NioProtocol      : Starting ProtocolHandler ["http-nio-8080"]
2020-02-14 16:22:39.868  INFO 4708 --- [           main] o.a.coyote.http11.Http11NioProtocol      : Starting ProtocolHandler ["http-nio-1408"]
2020-02-14 16:22:39.877  INFO 4708 --- [           main] o.s.b.w.embedded.tomcat.TomcatWebServer  : Tomcat started on port(s): 8080 (http) 1408 (http) with context path ''
2020-02-14 16:22:39.881  INFO 4708 --- [           main] com.spureb.willow.WillowApplication      : Started WillowApplication in 5.003 seconds (JVM running for 6.651)
2020-02-14 16:22:57.307  INFO 4708 --- [nio-8080-exec-1] o.apache.tomcat.util.http.parser.Cookie  : A cookie header was received [1578530285] that contained an invalid cookie. That cookie will be ignored.
 Note: further occurrences of this error will be logged at DEBUG level.
2020-02-14 16:22:57.340  INFO 4708 --- [nio-8080-exec-1] o.a.c.c.C.[Tomcat].[localhost].[/]       : Initializing Spring DispatcherServlet 'dispatcherServlet'
2020-02-14 16:22:57.353  INFO 4708 --- [nio-8080-exec-1] o.s.web.servlet.DispatcherServlet        : Initializing Servlet 'dispatcherServlet'
2020-02-14 16:22:57.395  INFO 4708 --- [nio-8080-exec-1] o.s.web.servlet.DispatcherServlet        : Completed initialization in 37 ms
2020-02-14 16:23:53.233  INFO PID_IS_UNDEFINED --- [           main] org.springframework.core.KotlinDetector  : Kotlin reflection implementation not found at runtime, related features won't be available.
2020-02-14 16:23:53.883  INFO 13624 --- [           main] com.spureb.willow.WillowApplication      : Starting WillowApplication on DESKTOP-F9J6DJ5 with PID 13624 (C:\Users\25244\IdeaProjects\SpurebBox\target\classes started by 25244 in C:\Users\25244\IdeaProjects\SpurebBox)
2020-02-14 16:23:53.884  INFO 13624 --- [           main] com.spureb.willow.WillowApplication      : The following profiles are active: dev
2020-02-14 16:23:54.901  INFO 13624 --- [           main] .s.d.r.c.RepositoryConfigurationDelegate : Multiple Spring Data modules found, entering strict repository configuration mode!
2020-02-14 16:23:54.904  INFO 13624 --- [           main] .s.d.r.c.RepositoryConfigurationDelegate : Bootstrapping Spring Data repositories in DEFAULT mode.
2020-02-14 16:23:54.946  INFO 13624 --- [           main] .s.d.r.c.RepositoryConfigurationDelegate : Finished Spring Data repository scanning in 25ms. Found 0 repository interfaces.
2020-02-14 16:23:55.317  INFO 13624 --- [           main] trationDelegate$BeanPostProcessorChecker : Bean 'org.springframework.transaction.annotation.ProxyTransactionManagementConfiguration' of type [org.springframework.transaction.annotation.ProxyTransactionManagementConfiguration$$EnhancerBySpringCGLIB$$f3acb87a] is not eligible for getting processed by all BeanPostProcessors (for example: not eligible for auto-proxying)
2020-02-14 16:23:55.686  INFO 13624 --- [           main] o.s.b.w.embedded.tomcat.TomcatWebServer  : Tomcat initialized with port(s): 8080 (http) 1408 (http)
2020-02-14 16:23:55.702  INFO 13624 --- [           main] o.a.coyote.http11.Http11NioProtocol      : Initializing ProtocolHandler ["http-nio-8080"]
2020-02-14 16:23:55.715  INFO 13624 --- [           main] o.a.coyote.http11.Http11NioProtocol      : Initializing ProtocolHandler ["http-nio-1408"]
2020-02-14 16:23:55.729  INFO 13624 --- [           main] o.apache.catalina.core.StandardService   : Starting service [Tomcat]
2020-02-14 16:23:55.730  INFO 13624 --- [           main] org.apache.catalina.core.StandardEngine  : Starting Servlet engine: [Apache Tomcat/9.0.17]
2020-02-14 16:23:55.891  INFO 13624 --- [           main] o.a.c.c.C.[Tomcat].[localhost].[/]       : Initializing Spring embedded WebApplicationContext
2020-02-14 16:23:55.891  INFO 13624 --- [           main] o.s.web.context.ContextLoader            : Root WebApplicationContext: initialization completed in 1929 ms
2020-02-14 16:23:56.121  INFO 13624 --- [           main] com.zaxxer.hikari.HikariDataSource       : HikariPool-1 - Starting...
2020-02-14 16:23:56.328  INFO 13624 --- [           main] com.zaxxer.hikari.HikariDataSource       : HikariPool-1 - Start completed.
2020-02-14 16:23:57.789  INFO 13624 --- [           main] o.f.c.internal.license.VersionPrinter    : Flyway Community Edition 5.2.4 by Boxfuse
2020-02-14 16:23:57.793  INFO 13624 --- [           main] o.f.c.internal.database.DatabaseFactory  : Database: jdbc:mysql://localhost:3306/a_spureb_box (MySQL 8.0)
2020-02-14 16:23:57.966  INFO 13624 --- [           main] o.f.core.internal.command.DbValidate     : Successfully validated 2 migrations (execution time 00:00.063s)
2020-02-14 16:23:57.987  INFO 13624 --- [           main] o.f.core.internal.command.DbMigrate      : Current version of schema `a_spureb_box`: 2
2020-02-14 16:23:57.989  INFO 13624 --- [           main] o.f.core.internal.command.DbMigrate      : Schema `a_spureb_box` is up to date. No migration necessary.
2020-02-14 16:23:58.268  INFO 13624 --- [           main] o.s.s.c.ThreadPoolTaskScheduler          : Initializing ExecutorService 'taskScheduler'
2020-02-14 16:23:58.415  INFO 13624 --- [           main] o.a.coyote.http11.Http11NioProtocol      : Starting ProtocolHandler ["http-nio-8080"]
2020-02-14 16:23:58.427  INFO 13624 --- [           main] o.a.coyote.http11.Http11NioProtocol      : Starting ProtocolHandler ["http-nio-1408"]
2020-02-14 16:23:58.438  INFO 13624 --- [           main] o.s.b.w.embedded.tomcat.TomcatWebServer  : Tomcat started on port(s): 8080 (http) 1408 (http) with context path ''
2020-02-14 16:23:58.442  INFO 13624 --- [           main] com.spureb.willow.WillowApplication      : Started WillowApplication in 5.154 seconds (JVM running for 6.769)
2020-02-14 16:24:09.561  INFO 13624 --- [nio-8080-exec-1] o.apache.tomcat.util.http.parser.Cookie  : A cookie header was received [1578530285] that contained an invalid cookie. That cookie will be ignored.
 Note: further occurrences of this error will be logged at DEBUG level.
2020-02-14 16:24:09.571  INFO 13624 --- [nio-8080-exec-1] o.a.c.c.C.[Tomcat].[localhost].[/]       : Initializing Spring DispatcherServlet 'dispatcherServlet'
2020-02-14 16:24:09.571  INFO 13624 --- [nio-8080-exec-1] o.s.web.servlet.DispatcherServlet        : Initializing Servlet 'dispatcherServlet'
2020-02-14 16:24:09.580  INFO 13624 --- [nio-8080-exec-1] o.s.web.servlet.DispatcherServlet        : Completed initialization in 9 ms
2020-02-14 16:26:57.053  INFO PID_IS_UNDEFINED --- [           main] org.springframework.core.KotlinDetector  : Kotlin reflection implementation not found at runtime, related features won't be available.
2020-02-14 16:26:57.691  INFO 7552 --- [           main] com.spureb.willow.WillowApplication      : Starting WillowApplication on DESKTOP-F9J6DJ5 with PID 7552 (C:\Users\25244\IdeaProjects\SpurebBox\target\classes started by 25244 in C:\Users\25244\IdeaProjects\SpurebBox)
2020-02-14 16:26:57.691  INFO 7552 --- [           main] com.spureb.willow.WillowApplication      : The following profiles are active: dev
2020-02-14 16:26:58.874  INFO 7552 --- [           main] .s.d.r.c.RepositoryConfigurationDelegate : Multiple Spring Data modules found, entering strict repository configuration mode!
2020-02-14 16:26:58.878  INFO 7552 --- [           main] .s.d.r.c.RepositoryConfigurationDelegate : Bootstrapping Spring Data repositories in DEFAULT mode.
2020-02-14 16:26:58.941  INFO 7552 --- [           main] .s.d.r.c.RepositoryConfigurationDelegate : Finished Spring Data repository scanning in 35ms. Found 0 repository interfaces.
2020-02-14 16:26:59.411  INFO 7552 --- [           main] trationDelegate$BeanPostProcessorChecker : Bean 'org.springframework.transaction.annotation.ProxyTransactionManagementConfiguration' of type [org.springframework.transaction.annotation.ProxyTransactionManagementConfiguration$$EnhancerBySpringCGLIB$$749846f7] is not eligible for getting processed by all BeanPostProcessors (for example: not eligible for auto-proxying)
2020-02-14 16:26:59.788  INFO 7552 --- [           main] o.s.b.w.embedded.tomcat.TomcatWebServer  : Tomcat initialized with port(s): 8080 (http) 1408 (http)
2020-02-14 16:26:59.804  INFO 7552 --- [           main] o.a.coyote.http11.Http11NioProtocol      : Initializing ProtocolHandler ["http-nio-8080"]
2020-02-14 16:26:59.816  INFO 7552 --- [           main] o.a.coyote.http11.Http11NioProtocol      : Initializing ProtocolHandler ["http-nio-1408"]
2020-02-14 16:26:59.829  INFO 7552 --- [           main] o.apache.catalina.core.StandardService   : Starting service [Tomcat]
2020-02-14 16:26:59.829  INFO 7552 --- [           main] org.apache.catalina.core.StandardEngine  : Starting Servlet engine: [Apache Tomcat/9.0.17]
2020-02-14 16:26:59.999  INFO 7552 --- [           main] o.a.c.c.C.[Tomcat].[localhost].[/]       : Initializing Spring embedded WebApplicationContext
2020-02-14 16:26:59.999  INFO 7552 --- [           main] o.s.web.context.ContextLoader            : Root WebApplicationContext: initialization completed in 2204 ms
2020-02-14 16:27:00.248  INFO 7552 --- [           main] com.zaxxer.hikari.HikariDataSource       : HikariPool-1 - Starting...
2020-02-14 16:27:00.470  INFO 7552 --- [           main] com.zaxxer.hikari.HikariDataSource       : HikariPool-1 - Start completed.
2020-02-14 16:27:01.584  INFO 7552 --- [           main] o.f.c.internal.license.VersionPrinter    : Flyway Community Edition 5.2.4 by Boxfuse
2020-02-14 16:27:01.587  INFO 7552 --- [           main] o.f.c.internal.database.DatabaseFactory  : Database: jdbc:mysql://localhost:3306/a_spureb_box (MySQL 8.0)
2020-02-14 16:27:01.712  INFO 7552 --- [           main] o.f.core.internal.command.DbValidate     : Successfully validated 2 migrations (execution time 00:00.049s)
2020-02-14 16:27:01.728  INFO 7552 --- [           main] o.f.core.internal.command.DbMigrate      : Current version of schema `a_spureb_box`: 2
2020-02-14 16:27:01.729  INFO 7552 --- [           main] o.f.core.internal.command.DbMigrate      : Schema `a_spureb_box` is up to date. No migration necessary.
2020-02-14 16:27:01.894  INFO 7552 --- [           main] o.s.s.c.ThreadPoolTaskScheduler          : Initializing ExecutorService 'taskScheduler'
2020-02-14 16:27:01.998  INFO 7552 --- [           main] o.a.coyote.http11.Http11NioProtocol      : Starting ProtocolHandler ["http-nio-8080"]
2020-02-14 16:27:02.012  INFO 7552 --- [           main] o.a.coyote.http11.Http11NioProtocol      : Starting ProtocolHandler ["http-nio-1408"]
2020-02-14 16:27:02.026  INFO 7552 --- [           main] o.s.b.w.embedded.tomcat.TomcatWebServer  : Tomcat started on port(s): 8080 (http) 1408 (http) with context path ''
2020-02-14 16:27:02.031  INFO 7552 --- [           main] com.spureb.willow.WillowApplication      : Started WillowApplication in 4.931 seconds (JVM running for 6.497)
2020-02-14 16:27:52.329  INFO 7552 --- [nio-8080-exec-1] o.apache.tomcat.util.http.parser.Cookie  : A cookie header was received [1578530285] that contained an invalid cookie. That cookie will be ignored.
 Note: further occurrences of this error will be logged at DEBUG level.
2020-02-14 16:27:52.339  INFO 7552 --- [nio-8080-exec-1] o.a.c.c.C.[Tomcat].[localhost].[/]       : Initializing Spring DispatcherServlet 'dispatcherServlet'
2020-02-14 16:27:52.339  INFO 7552 --- [nio-8080-exec-1] o.s.web.servlet.DispatcherServlet        : Initializing Servlet 'dispatcherServlet'
2020-02-14 16:27:52.348  INFO 7552 --- [nio-8080-exec-1] o.s.web.servlet.DispatcherServlet        : Completed initialization in 8 ms
2020-02-14 16:39:06.853  INFO PID_IS_UNDEFINED --- [           main] org.springframework.core.KotlinDetector  : Kotlin reflection implementation not found at runtime, related features won't be available.
2020-02-14 16:39:07.581  INFO 10672 --- [           main] com.spureb.willow.WillowApplication      : Starting WillowApplication on DESKTOP-F9J6DJ5 with PID 10672 (C:\Users\25244\IdeaProjects\SpurebBox\target\classes started by 25244 in C:\Users\25244\IdeaProjects\SpurebBox)
2020-02-14 16:39:07.583  INFO 10672 --- [           main] com.spureb.willow.WillowApplication      : The following profiles are active: dev
2020-02-14 16:39:08.847  INFO 10672 --- [           main] .s.d.r.c.RepositoryConfigurationDelegate : Multiple Spring Data modules found, entering strict repository configuration mode!
2020-02-14 16:39:08.852  INFO 10672 --- [           main] .s.d.r.c.RepositoryConfigurationDelegate : Bootstrapping Spring Data repositories in DEFAULT mode.
2020-02-14 16:39:08.913  INFO 10672 --- [           main] .s.d.r.c.RepositoryConfigurationDelegate : Finished Spring Data repository scanning in 34ms. Found 0 repository interfaces.
2020-02-14 16:39:09.412  INFO 10672 --- [           main] trationDelegate$BeanPostProcessorChecker : Bean 'org.springframework.transaction.annotation.ProxyTransactionManagementConfiguration' of type [org.springframework.transaction.annotation.ProxyTransactionManagementConfiguration$$EnhancerBySpringCGLIB$$716a3cd3] is not eligible for getting processed by all BeanPostProcessors (for example: not eligible for auto-proxying)
2020-02-14 16:39:09.811  INFO 10672 --- [           main] o.s.b.w.embedded.tomcat.TomcatWebServer  : Tomcat initialized with port(s): 8080 (http) 1408 (http)
2020-02-14 16:39:09.828  INFO 10672 --- [           main] o.a.coyote.http11.Http11NioProtocol      : Initializing ProtocolHandler ["http-nio-8080"]
2020-02-14 16:39:09.840  INFO 10672 --- [           main] o.a.coyote.http11.Http11NioProtocol      : Initializing ProtocolHandler ["http-nio-1408"]
2020-02-14 16:39:09.853  INFO 10672 --- [           main] o.apache.catalina.core.StandardService   : Starting service [Tomcat]
2020-02-14 16:39:09.853  INFO 10672 --- [           main] org.apache.catalina.core.StandardEngine  : Starting Servlet engine: [Apache Tomcat/9.0.17]
2020-02-14 16:39:10.031  INFO 10672 --- [           main] o.a.c.c.C.[Tomcat].[localhost].[/]       : Initializing Spring embedded WebApplicationContext
2020-02-14 16:39:10.032  INFO 10672 --- [           main] o.s.web.context.ContextLoader            : Root WebApplicationContext: initialization completed in 2362 ms
2020-02-14 16:39:10.276  INFO 10672 --- [           main] com.zaxxer.hikari.HikariDataSource       : HikariPool-1 - Starting...
2020-02-14 16:39:10.494  INFO 10672 --- [           main] com.zaxxer.hikari.HikariDataSource       : HikariPool-1 - Start completed.
2020-02-14 16:39:11.478  INFO 10672 --- [           main] o.f.c.internal.license.VersionPrinter    : Flyway Community Edition 5.2.4 by Boxfuse
2020-02-14 16:39:11.481  INFO 10672 --- [           main] o.f.c.internal.database.DatabaseFactory  : Database: jdbc:mysql://localhost:3306/a_spureb_box (MySQL 8.0)
2020-02-14 16:39:11.603  INFO 10672 --- [           main] o.f.core.internal.command.DbValidate     : Successfully validated 2 migrations (execution time 00:00.044s)
2020-02-14 16:39:11.617  INFO 10672 --- [           main] o.f.core.internal.command.DbMigrate      : Current version of schema `a_spureb_box`: 2
2020-02-14 16:39:11.618  INFO 10672 --- [           main] o.f.core.internal.command.DbMigrate      : Schema `a_spureb_box` is up to date. No migration necessary.
2020-02-14 16:39:11.757  INFO 10672 --- [           main] o.s.s.c.ThreadPoolTaskScheduler          : Initializing ExecutorService 'taskScheduler'
2020-02-14 16:39:11.845  INFO 10672 --- [           main] o.a.coyote.http11.Http11NioProtocol      : Starting ProtocolHandler ["http-nio-8080"]
2020-02-14 16:39:11.857  INFO 10672 --- [           main] o.a.coyote.http11.Http11NioProtocol      : Starting ProtocolHandler ["http-nio-1408"]
2020-02-14 16:39:11.869  INFO 10672 --- [           main] o.s.b.w.embedded.tomcat.TomcatWebServer  : Tomcat started on port(s): 8080 (http) 1408 (http) with context path ''
2020-02-14 16:39:11.872  INFO 10672 --- [           main] com.spureb.willow.WillowApplication      : Started WillowApplication in 4.961 seconds (JVM running for 6.593)
2020-02-14 16:39:27.614  INFO 10672 --- [nio-8080-exec-1] o.apache.tomcat.util.http.parser.Cookie  : A cookie header was received [1578530285] that contained an invalid cookie. That cookie will be ignored.
 Note: further occurrences of this error will be logged at DEBUG level.
2020-02-14 16:39:27.624  INFO 10672 --- [nio-8080-exec-1] o.a.c.c.C.[Tomcat].[localhost].[/]       : Initializing Spring DispatcherServlet 'dispatcherServlet'
2020-02-14 16:39:27.624  INFO 10672 --- [nio-8080-exec-1] o.s.web.servlet.DispatcherServlet        : Initializing Servlet 'dispatcherServlet'
2020-02-14 16:39:27.633  INFO 10672 --- [nio-8080-exec-1] o.s.web.servlet.DispatcherServlet        : Completed initialization in 8 ms
2020-02-14 16:45:45.164  INFO PID_IS_UNDEFINED --- [           main] org.springframework.core.KotlinDetector  : Kotlin reflection implementation not found at runtime, related features won't be available.
2020-02-14 16:45:45.785  INFO 13772 --- [           main] com.spureb.willow.WillowApplication      : Starting WillowApplication on DESKTOP-F9J6DJ5 with PID 13772 (C:\Users\25244\IdeaProjects\SpurebBox\target\classes started by 25244 in C:\Users\25244\IdeaProjects\SpurebBox)
2020-02-14 16:45:45.786  INFO 13772 --- [           main] com.spureb.willow.WillowApplication      : The following profiles are active: dev
2020-02-14 16:45:46.767  INFO 13772 --- [           main] .s.d.r.c.RepositoryConfigurationDelegate : Multiple Spring Data modules found, entering strict repository configuration mode!
2020-02-14 16:45:46.771  INFO 13772 --- [           main] .s.d.r.c.RepositoryConfigurationDelegate : Bootstrapping Spring Data repositories in DEFAULT mode.
2020-02-14 16:45:46.821  INFO 13772 --- [           main] .s.d.r.c.RepositoryConfigurationDelegate : Finished Spring Data repository scanning in 29ms. Found 0 repository interfaces.
2020-02-14 16:45:47.194  INFO 13772 --- [           main] trationDelegate$BeanPostProcessorChecker : Bean 'org.springframework.transaction.annotation.ProxyTransactionManagementConfiguration' of type [org.springframework.transaction.annotation.ProxyTransactionManagementConfiguration$$EnhancerBySpringCGLIB$$d05c12c4] is not eligible for getting processed by all BeanPostProcessors (for example: not eligible for auto-proxying)
2020-02-14 16:45:47.556  INFO 13772 --- [           main] o.s.b.w.embedded.tomcat.TomcatWebServer  : Tomcat initialized with port(s): 8080 (http) 1408 (http)
2020-02-14 16:45:47.574  INFO 13772 --- [           main] o.a.coyote.http11.Http11NioProtocol      : Initializing ProtocolHandler ["http-nio-8080"]
2020-02-14 16:45:47.586  INFO 13772 --- [           main] o.a.coyote.http11.Http11NioProtocol      : Initializing ProtocolHandler ["http-nio-1408"]
2020-02-14 16:45:47.601  INFO 13772 --- [           main] o.apache.catalina.core.StandardService   : Starting service [Tomcat]
2020-02-14 16:45:47.602  INFO 13772 --- [           main] org.apache.catalina.core.StandardEngine  : Starting Servlet engine: [Apache Tomcat/9.0.17]
2020-02-14 16:45:47.773  INFO 13772 --- [           main] o.a.c.c.C.[Tomcat].[localhost].[/]       : Initializing Spring embedded WebApplicationContext
2020-02-14 16:45:47.774  INFO 13772 --- [           main] o.s.web.context.ContextLoader            : Root WebApplicationContext: initialization completed in 1919 ms
2020-02-14 16:45:48.027  INFO 13772 --- [           main] com.zaxxer.hikari.HikariDataSource       : HikariPool-1 - Starting...
2020-02-14 16:45:48.241  INFO 13772 --- [           main] com.zaxxer.hikari.HikariDataSource       : HikariPool-1 - Start completed.
2020-02-14 16:45:49.159  INFO 13772 --- [           main] o.f.c.internal.license.VersionPrinter    : Flyway Community Edition 5.2.4 by Boxfuse
2020-02-14 16:45:49.162  INFO 13772 --- [           main] o.f.c.internal.database.DatabaseFactory  : Database: jdbc:mysql://localhost:3306/a_spureb_box (MySQL 8.0)
2020-02-14 16:45:49.286  INFO 13772 --- [           main] o.f.core.internal.command.DbValidate     : Successfully validated 2 migrations (execution time 00:00.046s)
2020-02-14 16:45:49.300  INFO 13772 --- [           main] o.f.core.internal.command.DbMigrate      : Current version of schema `a_spureb_box`: 2
2020-02-14 16:45:49.301  INFO 13772 --- [           main] o.f.core.internal.command.DbMigrate      : Schema `a_spureb_box` is up to date. No migration necessary.
2020-02-14 16:45:49.448  INFO 13772 --- [           main] o.s.s.c.ThreadPoolTaskScheduler          : Initializing ExecutorService 'taskScheduler'
2020-02-14 16:45:49.509  INFO 13772 --- [           main] o.a.coyote.http11.Http11NioProtocol      : Starting ProtocolHandler ["http-nio-8080"]
2020-02-14 16:45:49.518  INFO 13772 --- [           main] o.a.coyote.http11.Http11NioProtocol      : Starting ProtocolHandler ["http-nio-1408"]
2020-02-14 16:45:49.529  INFO 13772 --- [           main] o.s.b.w.embedded.tomcat.TomcatWebServer  : Tomcat started on port(s): 8080 (http) 1408 (http) with context path ''
2020-02-14 16:45:49.532  INFO 13772 --- [           main] com.spureb.willow.WillowApplication      : Started WillowApplication in 4.325 seconds (JVM running for 5.765)
2020-02-14 16:46:02.602  INFO 13772 --- [nio-8080-exec-1] o.apache.tomcat.util.http.parser.Cookie  : A cookie header was received [1578530285; JSESSIONID=A1E45FEA878B87DACDC87EEEA5911896] that contained an invalid cookie. That cookie will be ignored.
 Note: further occurrences of this error will be logged at DEBUG level.
2020-02-14 16:46:02.616  INFO 13772 --- [nio-8080-exec-1] o.a.c.c.C.[Tomcat].[localhost].[/]       : Initializing Spring DispatcherServlet 'dispatcherServlet'
2020-02-14 16:46:02.616  INFO 13772 --- [nio-8080-exec-1] o.s.web.servlet.DispatcherServlet        : Initializing Servlet 'dispatcherServlet'
2020-02-14 16:46:02.628  INFO 13772 --- [nio-8080-exec-1] o.s.web.servlet.DispatcherServlet        : Completed initialization in 12 ms
2020-02-14 16:49:31.909  INFO PID_IS_UNDEFINED --- [           main] org.springframework.core.KotlinDetector  : Kotlin reflection implementation not found at runtime, related features won't be available.
2020-02-14 16:49:32.532  INFO 10768 --- [           main] com.spureb.willow.WillowApplication      : Starting WillowApplication on DESKTOP-F9J6DJ5 with PID 10768 (C:\Users\25244\IdeaProjects\SpurebBox\target\classes started by 25244 in C:\Users\25244\IdeaProjects\SpurebBox)
2020-02-14 16:49:32.533  INFO 10768 --- [           main] com.spureb.willow.WillowApplication      : The following profiles are active: dev
2020-02-14 16:49:33.680  INFO 10768 --- [           main] .s.d.r.c.RepositoryConfigurationDelegate : Multiple Spring Data modules found, entering strict repository configuration mode!
2020-02-14 16:49:33.683  INFO 10768 --- [           main] .s.d.r.c.RepositoryConfigurationDelegate : Bootstrapping Spring Data repositories in DEFAULT mode.
2020-02-14 16:49:33.733  INFO 10768 --- [           main] .s.d.r.c.RepositoryConfigurationDelegate : Finished Spring Data repository scanning in 30ms. Found 0 repository interfaces.
2020-02-14 16:49:34.123  INFO 10768 --- [           main] trationDelegate$BeanPostProcessorChecker : Bean 'org.springframework.transaction.annotation.ProxyTransactionManagementConfiguration' of type [org.springframework.transaction.annotation.ProxyTransactionManagementConfiguration$$EnhancerBySpringCGLIB$$9031847f] is not eligible for getting processed by all BeanPostProcessors (for example: not eligible for auto-proxying)
2020-02-14 16:49:34.489  INFO 10768 --- [           main] o.s.b.w.embedded.tomcat.TomcatWebServer  : Tomcat initialized with port(s): 8080 (http) 1408 (http)
2020-02-14 16:49:34.507  INFO 10768 --- [           main] o.a.coyote.http11.Http11NioProtocol      : Initializing ProtocolHandler ["http-nio-8080"]
2020-02-14 16:49:34.519  INFO 10768 --- [           main] o.a.coyote.http11.Http11NioProtocol      : Initializing ProtocolHandler ["http-nio-1408"]
2020-02-14 16:49:34.533  INFO 10768 --- [           main] o.apache.catalina.core.StandardService   : Starting service [Tomcat]
2020-02-14 16:49:34.534  INFO 10768 --- [           main] org.apache.catalina.core.StandardEngine  : Starting Servlet engine: [Apache Tomcat/9.0.17]
2020-02-14 16:49:34.704  INFO 10768 --- [           main] o.a.c.c.C.[Tomcat].[localhost].[/]       : Initializing Spring embedded WebApplicationContext
2020-02-14 16:49:34.705  INFO 10768 --- [           main] o.s.web.context.ContextLoader            : Root WebApplicationContext: initialization completed in 2086 ms
2020-02-14 16:49:34.959  INFO 10768 --- [           main] com.zaxxer.hikari.HikariDataSource       : HikariPool-1 - Starting...
2020-02-14 16:49:35.243  INFO 10768 --- [           main] com.zaxxer.hikari.HikariDataSource       : HikariPool-1 - Start completed.
2020-02-14 16:49:36.193  INFO 10768 --- [           main] o.f.c.internal.license.VersionPrinter    : Flyway Community Edition 5.2.4 by Boxfuse
2020-02-14 16:49:36.195  INFO 10768 --- [           main] o.f.c.internal.database.DatabaseFactory  : Database: jdbc:mysql://localhost:3306/a_spureb_box (MySQL 8.0)
2020-02-14 16:49:36.308  INFO 10768 --- [           main] o.f.core.internal.command.DbValidate     : Successfully validated 2 migrations (execution time 00:00.046s)
2020-02-14 16:49:36.323  INFO 10768 --- [           main] o.f.core.internal.command.DbMigrate      : Current version of schema `a_spureb_box`: 2
2020-02-14 16:49:36.324  INFO 10768 --- [           main] o.f.core.internal.command.DbMigrate      : Schema `a_spureb_box` is up to date. No migration necessary.
2020-02-14 16:49:36.467  INFO 10768 --- [           main] o.s.s.c.ThreadPoolTaskScheduler          : Initializing ExecutorService 'taskScheduler'
2020-02-14 16:49:36.542  INFO 10768 --- [           main] o.a.coyote.http11.Http11NioProtocol      : Starting ProtocolHandler ["http-nio-8080"]
2020-02-14 16:49:36.568  INFO 10768 --- [           main] o.a.coyote.http11.Http11NioProtocol      : Starting ProtocolHandler ["http-nio-1408"]
2020-02-14 16:49:36.577  INFO 10768 --- [           main] o.s.b.w.embedded.tomcat.TomcatWebServer  : Tomcat started on port(s): 8080 (http) 1408 (http) with context path ''
2020-02-14 16:49:36.580  INFO 10768 --- [           main] com.spureb.willow.WillowApplication      : Started WillowApplication in 4.617 seconds (JVM running for 6.194)
2020-02-14 16:49:49.434  INFO 10768 --- [nio-8080-exec-1] o.apache.tomcat.util.http.parser.Cookie  : A cookie header was received [1578530285; JSESSIONID=BD122BBDBC3BCC191BB0D79DA9857AE9] that contained an invalid cookie. That cookie will be ignored.
 Note: further occurrences of this error will be logged at DEBUG level.
2020-02-14 16:49:49.447  INFO 10768 --- [nio-8080-exec-1] o.a.c.c.C.[Tomcat].[localhost].[/]       : Initializing Spring DispatcherServlet 'dispatcherServlet'
2020-02-14 16:49:49.447  INFO 10768 --- [nio-8080-exec-1] o.s.web.servlet.DispatcherServlet        : Initializing Servlet 'dispatcherServlet'
2020-02-14 16:49:49.461  INFO 10768 --- [nio-8080-exec-1] o.s.web.servlet.DispatcherServlet        : Completed initialization in 13 ms
2020-02-14 16:50:51.061  INFO PID_IS_UNDEFINED --- [           main] org.springframework.core.KotlinDetector  : Kotlin reflection implementation not found at runtime, related features won't be available.
2020-02-14 16:50:51.844  INFO 8196 --- [           main] com.spureb.willow.WillowApplication      : Starting WillowApplication on DESKTOP-F9J6DJ5 with PID 8196 (C:\Users\25244\IdeaProjects\SpurebBox\target\classes started by 25244 in C:\Users\25244\IdeaProjects\SpurebBox)
2020-02-14 16:50:51.845  INFO 8196 --- [           main] com.spureb.willow.WillowApplication      : The following profiles are active: dev
2020-02-14 16:50:53.397  INFO 8196 --- [           main] .s.d.r.c.RepositoryConfigurationDelegate : Multiple Spring Data modules found, entering strict repository configuration mode!
2020-02-14 16:50:53.449  INFO 8196 --- [           main] .s.d.r.c.RepositoryConfigurationDelegate : Bootstrapping Spring Data repositories in DEFAULT mode.
2020-02-14 16:50:53.560  INFO 8196 --- [           main] .s.d.r.c.RepositoryConfigurationDelegate : Finished Spring Data repository scanning in 56ms. Found 0 repository interfaces.
2020-02-14 16:50:54.221  INFO 8196 --- [           main] trationDelegate$BeanPostProcessorChecker : Bean 'org.springframework.transaction.annotation.ProxyTransactionManagementConfiguration' of type [org.springframework.transaction.annotation.ProxyTransactionManagementConfiguration$$EnhancerBySpringCGLIB$$dd34cf8a] is not eligible for getting processed by all BeanPostProcessors (for example: not eligible for auto-proxying)
2020-02-14 16:50:54.826  INFO 8196 --- [           main] o.s.b.w.embedded.tomcat.TomcatWebServer  : Tomcat initialized with port(s): 8080 (http) 1408 (http)
2020-02-14 16:50:54.852  INFO 8196 --- [           main] o.a.coyote.http11.Http11NioProtocol      : Initializing ProtocolHandler ["http-nio-8080"]
2020-02-14 16:50:54.868  INFO 8196 --- [           main] o.a.coyote.http11.Http11NioProtocol      : Initializing ProtocolHandler ["http-nio-1408"]
2020-02-14 16:50:54.889  INFO 8196 --- [           main] o.apache.catalina.core.StandardService   : Starting service [Tomcat]
2020-02-14 16:50:54.889  INFO 8196 --- [           main] org.apache.catalina.core.StandardEngine  : Starting Servlet engine: [Apache Tomcat/9.0.17]
2020-02-14 16:50:55.131  INFO 8196 --- [           main] o.a.c.c.C.[Tomcat].[localhost].[/]       : Initializing Spring embedded WebApplicationContext
2020-02-14 16:50:55.132  INFO 8196 --- [           main] o.s.web.context.ContextLoader            : Root WebApplicationContext: initialization completed in 3178 ms
2020-02-14 16:50:55.656  INFO 8196 --- [           main] com.zaxxer.hikari.HikariDataSource       : HikariPool-1 - Starting...
2020-02-14 16:50:56.130  INFO 8196 --- [           main] com.zaxxer.hikari.HikariDataSource       : HikariPool-1 - Start completed.
2020-02-14 16:50:58.161  INFO 8196 --- [           main] o.f.c.internal.license.VersionPrinter    : Flyway Community Edition 5.2.4 by Boxfuse
2020-02-14 16:50:58.164  INFO 8196 --- [           main] o.f.c.internal.database.DatabaseFactory  : Database: jdbc:mysql://localhost:3306/a_spureb_box (MySQL 8.0)
2020-02-14 16:50:58.298  INFO 8196 --- [           main] o.f.core.internal.command.DbValidate     : Successfully validated 2 migrations (execution time 00:00.062s)
2020-02-14 16:50:58.315  INFO 8196 --- [           main] o.f.core.internal.command.DbMigrate      : Current version of schema `a_spureb_box`: 2
2020-02-14 16:50:58.316  INFO 8196 --- [           main] o.f.core.internal.command.DbMigrate      : Schema `a_spureb_box` is up to date. No migration necessary.
2020-02-14 16:50:58.476  INFO 8196 --- [           main] o.s.s.c.ThreadPoolTaskScheduler          : Initializing ExecutorService 'taskScheduler'
2020-02-14 16:50:58.603  INFO 8196 --- [           main] o.a.coyote.http11.Http11NioProtocol      : Starting ProtocolHandler ["http-nio-8080"]
2020-02-14 16:50:58.621  INFO 8196 --- [           main] o.a.coyote.http11.Http11NioProtocol      : Starting ProtocolHandler ["http-nio-1408"]
2020-02-14 16:50:58.638  INFO 8196 --- [           main] o.s.b.w.embedded.tomcat.TomcatWebServer  : Tomcat started on port(s): 8080 (http) 1408 (http) with context path ''
2020-02-14 16:50:58.644  INFO 8196 --- [           main] com.spureb.willow.WillowApplication      : Started WillowApplication in 7.515 seconds (JVM running for 9.779)
2020-02-14 16:51:00.965  INFO 8196 --- [nio-8080-exec-1] o.apache.tomcat.util.http.parser.Cookie  : A cookie header was received [1578530285; JSESSIONID=0A9C22CEE035D43128B96D2BB9DC86A9] that contained an invalid cookie. That cookie will be ignored.
 Note: further occurrences of this error will be logged at DEBUG level.
2020-02-14 16:51:00.977  INFO 8196 --- [nio-8080-exec-1] o.a.c.c.C.[Tomcat].[localhost].[/]       : Initializing Spring DispatcherServlet 'dispatcherServlet'
2020-02-14 16:51:00.978  INFO 8196 --- [nio-8080-exec-1] o.s.web.servlet.DispatcherServlet        : Initializing Servlet 'dispatcherServlet'
2020-02-14 16:51:00.989  INFO 8196 --- [nio-8080-exec-1] o.s.web.servlet.DispatcherServlet        : Completed initialization in 11 ms
2020-02-14 17:04:55.259  INFO PID_IS_UNDEFINED --- [           main] org.springframework.core.KotlinDetector  : Kotlin reflection implementation not found at runtime, related features won't be available.
2020-02-14 17:04:56.153  INFO 14928 --- [           main] com.spureb.willow.WillowApplication      : Starting WillowApplication on DESKTOP-F9J6DJ5 with PID 14928 (C:\Users\25244\IdeaProjects\SpurebBox\target\classes started by 25244 in C:\Users\25244\IdeaProjects\SpurebBox)
2020-02-14 17:04:56.154  INFO 14928 --- [           main] com.spureb.willow.WillowApplication      : The following profiles are active: dev
2020-02-14 17:04:57.431  INFO 14928 --- [           main] .s.d.r.c.RepositoryConfigurationDelegate : Multiple Spring Data modules found, entering strict repository configuration mode!
2020-02-14 17:04:57.435  INFO 14928 --- [           main] .s.d.r.c.RepositoryConfigurationDelegate : Bootstrapping Spring Data repositories in DEFAULT mode.
2020-02-14 17:04:57.483  INFO 14928 --- [           main] .s.d.r.c.RepositoryConfigurationDelegate : Finished Spring Data repository scanning in 25ms. Found 0 repository interfaces.
2020-02-14 17:04:57.913  INFO 14928 --- [           main] trationDelegate$BeanPostProcessorChecker : Bean 'org.springframework.transaction.annotation.ProxyTransactionManagementConfiguration' of type [org.springframework.transaction.annotation.ProxyTransactionManagementConfiguration$$EnhancerBySpringCGLIB$$81737eb3] is not eligible for getting processed by all BeanPostProcessors (for example: not eligible for auto-proxying)
2020-02-14 17:04:58.324  INFO 14928 --- [           main] o.s.b.w.embedded.tomcat.TomcatWebServer  : Tomcat initialized with port(s): 8080 (http) 1408 (http)
2020-02-14 17:04:58.342  INFO 14928 --- [           main] o.a.coyote.http11.Http11NioProtocol      : Initializing ProtocolHandler ["http-nio-8080"]
2020-02-14 17:04:58.354  INFO 14928 --- [           main] o.a.coyote.http11.Http11NioProtocol      : Initializing ProtocolHandler ["http-nio-1408"]
2020-02-14 17:04:58.366  INFO 14928 --- [           main] o.apache.catalina.core.StandardService   : Starting service [Tomcat]
2020-02-14 17:04:58.367  INFO 14928 --- [           main] org.apache.catalina.core.StandardEngine  : Starting Servlet engine: [Apache Tomcat/9.0.17]
2020-02-14 17:04:58.543  INFO 14928 --- [           main] o.a.c.c.C.[Tomcat].[localhost].[/]       : Initializing Spring embedded WebApplicationContext
2020-02-14 17:04:58.543  INFO 14928 --- [           main] o.s.web.context.ContextLoader            : Root WebApplicationContext: initialization completed in 2313 ms
2020-02-14 17:04:58.815  INFO 14928 --- [           main] com.zaxxer.hikari.HikariDataSource       : HikariPool-1 - Starting...
2020-02-14 17:04:59.560  INFO 14928 --- [           main] com.zaxxer.hikari.HikariDataSource       : HikariPool-1 - Start completed.
2020-02-14 17:05:00.762  INFO 14928 --- [           main] o.f.c.internal.license.VersionPrinter    : Flyway Community Edition 5.2.4 by Boxfuse
2020-02-14 17:05:00.767  INFO 14928 --- [           main] o.f.c.internal.database.DatabaseFactory  : Database: jdbc:mysql://localhost:3306/a_spureb_box (MySQL 8.0)
2020-02-14 17:05:00.941  INFO 14928 --- [           main] o.f.core.internal.command.DbValidate     : Successfully validated 2 migrations (execution time 00:00.073s)
2020-02-14 17:05:00.954  INFO 14928 --- [           main] o.f.core.internal.command.DbMigrate      : Current version of schema `a_spureb_box`: 2
2020-02-14 17:05:00.955  INFO 14928 --- [           main] o.f.core.internal.command.DbMigrate      : Schema `a_spureb_box` is up to date. No migration necessary.
2020-02-14 17:05:01.109  INFO 14928 --- [           main] o.s.s.c.ThreadPoolTaskScheduler          : Initializing ExecutorService 'taskScheduler'
2020-02-14 17:05:01.170  INFO 14928 --- [           main] o.a.coyote.http11.Http11NioProtocol      : Starting ProtocolHandler ["http-nio-8080"]
2020-02-14 17:05:01.180  INFO 14928 --- [           main] o.a.coyote.http11.Http11NioProtocol      : Starting ProtocolHandler ["http-nio-1408"]
2020-02-14 17:05:01.191  INFO 14928 --- [           main] o.s.b.w.embedded.tomcat.TomcatWebServer  : Tomcat started on port(s): 8080 (http) 1408 (http) with context path ''
2020-02-14 17:05:01.194  INFO 14928 --- [           main] com.spureb.willow.WillowApplication      : Started WillowApplication in 5.862 seconds (JVM running for 7.76)
2020-02-14 17:07:48.255  INFO 14928 --- [nio-8080-exec-1] o.apache.tomcat.util.http.parser.Cookie  : A cookie header was received [1578530285; JSESSIONID=AB197E1D98041E4CBDEC9E9E45C3EE32] that contained an invalid cookie. That cookie will be ignored.
 Note: further occurrences of this error will be logged at DEBUG level.
2020-02-14 17:07:48.264  INFO 14928 --- [nio-8080-exec-1] o.a.c.c.C.[Tomcat].[localhost].[/]       : Initializing Spring DispatcherServlet 'dispatcherServlet'
2020-02-14 17:07:48.265  INFO 14928 --- [nio-8080-exec-1] o.s.web.servlet.DispatcherServlet        : Initializing Servlet 'dispatcherServlet'
2020-02-14 17:07:48.277  INFO 14928 --- [nio-8080-exec-1] o.s.web.servlet.DispatcherServlet        : Completed initialization in 12 ms
2020-02-14 17:46:19.448  INFO PID_IS_UNDEFINED --- [           main] org.springframework.core.KotlinDetector  : Kotlin reflection implementation not found at runtime, related features won't be available.
2020-02-14 17:46:20.273  INFO 13424 --- [           main] com.spureb.willow.WillowApplication      : Starting WillowApplication on DESKTOP-F9J6DJ5 with PID 13424 (C:\Users\25244\IdeaProjects\SpurebBox\target\classes started by 25244 in C:\Users\25244\IdeaProjects\SpurebBox)
2020-02-14 17:46:20.274  INFO 13424 --- [           main] com.spureb.willow.WillowApplication      : The following profiles are active: dev
2020-02-14 17:46:21.512  INFO 13424 --- [           main] .s.d.r.c.RepositoryConfigurationDelegate : Multiple Spring Data modules found, entering strict repository configuration mode!
2020-02-14 17:46:21.516  INFO 13424 --- [           main] .s.d.r.c.RepositoryConfigurationDelegate : Bootstrapping Spring Data repositories in DEFAULT mode.
2020-02-14 17:46:21.566  INFO 13424 --- [           main] .s.d.r.c.RepositoryConfigurationDelegate : Finished Spring Data repository scanning in 30ms. Found 0 repository interfaces.
2020-02-14 17:46:22.014  INFO 13424 --- [           main] trationDelegate$BeanPostProcessorChecker : Bean 'org.springframework.transaction.annotation.ProxyTransactionManagementConfiguration' of type [org.springframework.transaction.annotation.ProxyTransactionManagementConfiguration$$EnhancerBySpringCGLIB$$716a3cd3] is not eligible for getting processed by all BeanPostProcessors (for example: not eligible for auto-proxying)
2020-02-14 17:46:22.660  INFO 13424 --- [           main] o.s.b.w.embedded.tomcat.TomcatWebServer  : Tomcat initialized with port(s): 8080 (http) 1408 (http)
2020-02-14 17:46:22.693  INFO 13424 --- [           main] o.a.coyote.http11.Http11NioProtocol      : Initializing ProtocolHandler ["http-nio-8080"]
2020-02-14 17:46:22.714  INFO 13424 --- [           main] o.a.coyote.http11.Http11NioProtocol      : Initializing ProtocolHandler ["http-nio-1408"]
2020-02-14 17:46:22.738  INFO 13424 --- [           main] o.apache.catalina.core.StandardService   : Starting service [Tomcat]
2020-02-14 17:46:22.739  INFO 13424 --- [           main] org.apache.catalina.core.StandardEngine  : Starting Servlet engine: [Apache Tomcat/9.0.17]
2020-02-14 17:46:22.969  INFO 13424 --- [           main] o.a.c.c.C.[Tomcat].[localhost].[/]       : Initializing Spring embedded WebApplicationContext
2020-02-14 17:46:22.970  INFO 13424 --- [           main] o.s.web.context.ContextLoader            : Root WebApplicationContext: initialization completed in 2579 ms
2020-02-14 17:46:23.246  INFO 13424 --- [           main] com.zaxxer.hikari.HikariDataSource       : HikariPool-1 - Starting...
2020-02-14 17:46:23.566  INFO 13424 --- [           main] com.zaxxer.hikari.HikariDataSource       : HikariPool-1 - Start completed.
2020-02-14 17:46:24.581  INFO 13424 --- [           main] o.f.c.internal.license.VersionPrinter    : Flyway Community Edition 5.2.4 by Boxfuse
2020-02-14 17:46:24.584  INFO 13424 --- [           main] o.f.c.internal.database.DatabaseFactory  : Database: jdbc:mysql://localhost:3306/a_spureb_box (MySQL 8.0)
2020-02-14 17:46:24.728  INFO 13424 --- [           main] o.f.core.internal.command.DbValidate     : Successfully validated 2 migrations (execution time 00:00.050s)
2020-02-14 17:46:24.745  INFO 13424 --- [           main] o.f.core.internal.command.DbMigrate      : Current version of schema `a_spureb_box`: 2
2020-02-14 17:46:24.746  INFO 13424 --- [           main] o.f.core.internal.command.DbMigrate      : Schema `a_spureb_box` is up to date. No migration necessary.
2020-02-14 17:46:24.934  INFO 13424 --- [           main] o.s.s.c.ThreadPoolTaskScheduler          : Initializing ExecutorService 'taskScheduler'
2020-02-14 17:46:25.014  INFO 13424 --- [           main] o.a.coyote.http11.Http11NioProtocol      : Starting ProtocolHandler ["http-nio-8080"]
2020-02-14 17:46:25.028  INFO 13424 --- [           main] o.a.coyote.http11.Http11NioProtocol      : Starting ProtocolHandler ["http-nio-1408"]
2020-02-14 17:46:25.042  INFO 13424 --- [           main] o.s.b.w.embedded.tomcat.TomcatWebServer  : Tomcat started on port(s): 8080 (http) 1408 (http) with context path ''
2020-02-14 17:46:25.048  INFO 13424 --- [           main] com.spureb.willow.WillowApplication      : Started WillowApplication in 5.549 seconds (JVM running for 7.381)
2020-02-14 17:47:07.181  INFO 13424 --- [nio-8080-exec-1] o.apache.tomcat.util.http.parser.Cookie  : A cookie header was received [1578530285; JSESSIONID=D95C842AFB86FAB676A572170DE35E0C] that contained an invalid cookie. That cookie will be ignored.
 Note: further occurrences of this error will be logged at DEBUG level.
2020-02-14 17:47:07.192  INFO 13424 --- [nio-8080-exec-1] o.a.c.c.C.[Tomcat].[localhost].[/]       : Initializing Spring DispatcherServlet 'dispatcherServlet'
2020-02-14 17:47:07.192  INFO 13424 --- [nio-8080-exec-1] o.s.web.servlet.DispatcherServlet        : Initializing Servlet 'dispatcherServlet'
2020-02-14 17:47:07.200  INFO 13424 --- [nio-8080-exec-1] o.s.web.servlet.DispatcherServlet        : Completed initialization in 8 ms
2020-02-14 18:05:08.246  INFO PID_IS_UNDEFINED --- [           main] org.springframework.core.KotlinDetector  : Kotlin reflection implementation not found at runtime, related features won't be available.
2020-02-14 18:05:09.073  INFO 508 --- [           main] com.spureb.willow.WillowApplication      : Starting WillowApplication on DESKTOP-F9J6DJ5 with PID 508 (C:\Users\25244\IdeaProjects\SpurebBox\target\classes started by 25244 in C:\Users\25244\IdeaProjects\SpurebBox)
2020-02-14 18:05:09.073  INFO 508 --- [           main] com.spureb.willow.WillowApplication      : The following profiles are active: dev
2020-02-14 18:05:10.706  INFO 508 --- [           main] .s.d.r.c.RepositoryConfigurationDelegate : Multiple Spring Data modules found, entering strict repository configuration mode!
2020-02-14 18:05:10.711  INFO 508 --- [           main] .s.d.r.c.RepositoryConfigurationDelegate : Bootstrapping Spring Data repositories in DEFAULT mode.
2020-02-14 18:05:10.845  INFO 508 --- [           main] .s.d.r.c.RepositoryConfigurationDelegate : Finished Spring Data repository scanning in 72ms. Found 0 repository interfaces.
2020-02-14 18:05:11.819  INFO 508 --- [           main] trationDelegate$BeanPostProcessorChecker : Bean 'org.springframework.transaction.annotation.ProxyTransactionManagementConfiguration' of type [org.springframework.transaction.annotation.ProxyTransactionManagementConfiguration$$EnhancerBySpringCGLIB$$886f9078] is not eligible for getting processed by all BeanPostProcessors (for example: not eligible for auto-proxying)
2020-02-14 18:05:13.236  INFO 508 --- [           main] o.s.b.w.embedded.tomcat.TomcatWebServer  : Tomcat initialized with port(s): 8080 (http) 1408 (http)
2020-02-14 18:05:13.270  INFO 508 --- [           main] o.a.coyote.http11.Http11NioProtocol      : Initializing ProtocolHandler ["http-nio-8080"]
2020-02-14 18:05:13.285  INFO 508 --- [           main] o.a.coyote.http11.Http11NioProtocol      : Initializing ProtocolHandler ["http-nio-1408"]
2020-02-14 18:05:13.301  INFO 508 --- [           main] o.apache.catalina.core.StandardService   : Starting service [Tomcat]
2020-02-14 18:05:13.302  INFO 508 --- [           main] org.apache.catalina.core.StandardEngine  : Starting Servlet engine: [Apache Tomcat/9.0.17]
2020-02-14 18:05:13.535  INFO 508 --- [           main] o.a.c.c.C.[Tomcat].[localhost].[/]       : Initializing Spring embedded WebApplicationContext
2020-02-14 18:05:13.537  INFO 508 --- [           main] o.s.web.context.ContextLoader            : Root WebApplicationContext: initialization completed in 4355 ms
2020-02-14 18:05:13.952  INFO 508 --- [           main] com.zaxxer.hikari.HikariDataSource       : HikariPool-1 - Starting...
2020-02-14 18:05:15.288  INFO 508 --- [           main] com.zaxxer.hikari.HikariDataSource       : HikariPool-1 - Start completed.
2020-02-14 18:05:16.752  INFO 508 --- [           main] o.f.c.internal.license.VersionPrinter    : Flyway Community Edition 5.2.4 by Boxfuse
2020-02-14 18:05:16.755  INFO 508 --- [           main] o.f.c.internal.database.DatabaseFactory  : Database: jdbc:mysql://localhost:3306/a_spureb_box (MySQL 8.0)
2020-02-14 18:05:16.907  INFO 508 --- [           main] o.f.core.internal.command.DbValidate     : Successfully validated 2 migrations (execution time 00:00.063s)
2020-02-14 18:05:16.924  INFO 508 --- [           main] o.f.core.internal.command.DbMigrate      : Current version of schema `a_spureb_box`: 2
2020-02-14 18:05:16.925  INFO 508 --- [           main] o.f.core.internal.command.DbMigrate      : Schema `a_spureb_box` is up to date. No migration necessary.
2020-02-14 18:05:17.122  INFO 508 --- [           main] o.s.s.c.ThreadPoolTaskScheduler          : Initializing ExecutorService 'taskScheduler'
2020-02-14 18:05:17.211  INFO 508 --- [           main] o.a.coyote.http11.Http11NioProtocol      : Starting ProtocolHandler ["http-nio-8080"]
2020-02-14 18:05:17.222  INFO 508 --- [           main] o.a.coyote.http11.Http11NioProtocol      : Starting ProtocolHandler ["http-nio-1408"]
2020-02-14 18:05:17.231  INFO 508 --- [           main] o.s.b.w.embedded.tomcat.TomcatWebServer  : Tomcat started on port(s): 8080 (http) 1408 (http) with context path ''
2020-02-14 18:05:17.235  INFO 508 --- [           main] com.spureb.willow.WillowApplication      : Started WillowApplication in 8.889 seconds (JVM running for 10.963)
2020-02-14 18:07:18.323  INFO 508 --- [nio-8080-exec-1] o.apache.tomcat.util.http.parser.Cookie  : A cookie header was received [1578530285] that contained an invalid cookie. That cookie will be ignored.
 Note: further occurrences of this error will be logged at DEBUG level.
2020-02-14 18:07:18.333  INFO 508 --- [nio-8080-exec-1] o.a.c.c.C.[Tomcat].[localhost].[/]       : Initializing Spring DispatcherServlet 'dispatcherServlet'
2020-02-14 18:07:18.333  INFO 508 --- [nio-8080-exec-1] o.s.web.servlet.DispatcherServlet        : Initializing Servlet 'dispatcherServlet'
2020-02-14 18:07:18.343  INFO 508 --- [nio-8080-exec-1] o.s.web.servlet.DispatcherServlet        : Completed initialization in 10 ms
2020-02-14 18:10:46.983  INFO PID_IS_UNDEFINED --- [           main] org.springframework.core.KotlinDetector  : Kotlin reflection implementation not found at runtime, related features won't be available.
2020-02-14 18:10:47.671  INFO 6596 --- [           main] com.spureb.willow.WillowApplication      : Starting WillowApplication on DESKTOP-F9J6DJ5 with PID 6596 (C:\Users\25244\IdeaProjects\SpurebBox\target\classes started by 25244 in C:\Users\25244\IdeaProjects\SpurebBox)
2020-02-14 18:10:47.671  INFO 6596 --- [           main] com.spureb.willow.WillowApplication      : The following profiles are active: dev
2020-02-14 18:10:48.811  INFO 6596 --- [           main] .s.d.r.c.RepositoryConfigurationDelegate : Multiple Spring Data modules found, entering strict repository configuration mode!
2020-02-14 18:10:48.814  INFO 6596 --- [           main] .s.d.r.c.RepositoryConfigurationDelegate : Bootstrapping Spring Data repositories in DEFAULT mode.
2020-02-14 18:10:48.861  INFO 6596 --- [           main] .s.d.r.c.RepositoryConfigurationDelegate : Finished Spring Data repository scanning in 27ms. Found 0 repository interfaces.
2020-02-14 18:10:49.269  INFO 6596 --- [           main] trationDelegate$BeanPostProcessorChecker : Bean 'org.springframework.transaction.annotation.ProxyTransactionManagementConfiguration' of type [org.springframework.transaction.annotation.ProxyTransactionManagementConfiguration$$EnhancerBySpringCGLIB$$4e6d011c] is not eligible for getting processed by all BeanPostProcessors (for example: not eligible for auto-proxying)
2020-02-14 18:10:49.676  INFO 6596 --- [           main] o.s.b.w.embedded.tomcat.TomcatWebServer  : Tomcat initialized with port(s): 8080 (http) 1408 (http)
2020-02-14 18:10:49.693  INFO 6596 --- [           main] o.a.coyote.http11.Http11NioProtocol      : Initializing ProtocolHandler ["http-nio-8080"]
2020-02-14 18:10:49.707  INFO 6596 --- [           main] o.a.coyote.http11.Http11NioProtocol      : Initializing ProtocolHandler ["http-nio-1408"]
2020-02-14 18:10:49.720  INFO 6596 --- [           main] o.apache.catalina.core.StandardService   : Starting service [Tomcat]
2020-02-14 18:10:49.721  INFO 6596 --- [           main] org.apache.catalina.core.StandardEngine  : Starting Servlet engine: [Apache Tomcat/9.0.17]
2020-02-14 18:10:49.882  INFO 6596 --- [           main] o.a.c.c.C.[Tomcat].[localhost].[/]       : Initializing Spring embedded WebApplicationContext
2020-02-14 18:10:49.883  INFO 6596 --- [           main] o.s.web.context.ContextLoader            : Root WebApplicationContext: initialization completed in 2126 ms
2020-02-14 18:10:50.181  INFO 6596 --- [           main] com.zaxxer.hikari.HikariDataSource       : HikariPool-1 - Starting...
2020-02-14 18:10:50.442  INFO 6596 --- [           main] com.zaxxer.hikari.HikariDataSource       : HikariPool-1 - Start completed.
2020-02-14 18:10:51.626  INFO 6596 --- [           main] o.f.c.internal.license.VersionPrinter    : Flyway Community Edition 5.2.4 by Boxfuse
2020-02-14 18:10:51.629  INFO 6596 --- [           main] o.f.c.internal.database.DatabaseFactory  : Database: jdbc:mysql://localhost:3306/a_spureb_box (MySQL 8.0)
2020-02-14 18:10:51.751  INFO 6596 --- [           main] o.f.core.internal.command.DbValidate     : Successfully validated 2 migrations (execution time 00:00.051s)
2020-02-14 18:10:51.768  INFO 6596 --- [           main] o.f.core.internal.command.DbMigrate      : Current version of schema `a_spureb_box`: 2
2020-02-14 18:10:51.768  INFO 6596 --- [           main] o.f.core.internal.command.DbMigrate      : Schema `a_spureb_box` is up to date. No migration necessary.
2020-02-14 18:10:51.912  INFO 6596 --- [           main] o.s.s.c.ThreadPoolTaskScheduler          : Initializing ExecutorService 'taskScheduler'
2020-02-14 18:10:51.979  INFO 6596 --- [           main] o.a.coyote.http11.Http11NioProtocol      : Starting ProtocolHandler ["http-nio-8080"]
2020-02-14 18:10:51.990  INFO 6596 --- [           main] o.a.coyote.http11.Http11NioProtocol      : Starting ProtocolHandler ["http-nio-1408"]
2020-02-14 18:10:51.999  INFO 6596 --- [           main] o.s.b.w.embedded.tomcat.TomcatWebServer  : Tomcat started on port(s): 8080 (http) 1408 (http) with context path ''
2020-02-14 18:10:52.003  INFO 6596 --- [           main] com.spureb.willow.WillowApplication      : Started WillowApplication in 4.974 seconds (JVM running for 6.819)
2020-02-14 18:10:55.862  INFO 6596 --- [nio-8080-exec-1] o.apache.tomcat.util.http.parser.Cookie  : A cookie header was received [1578530285; JSESSIONID=5A1ACA32240B74A9113BDD9D4B9D2328] that contained an invalid cookie. That cookie will be ignored.
 Note: further occurrences of this error will be logged at DEBUG level.
2020-02-14 18:10:55.871  INFO 6596 --- [nio-8080-exec-1] o.a.c.c.C.[Tomcat].[localhost].[/]       : Initializing Spring DispatcherServlet 'dispatcherServlet'
2020-02-14 18:10:55.872  INFO 6596 --- [nio-8080-exec-1] o.s.web.servlet.DispatcherServlet        : Initializing Servlet 'dispatcherServlet'
2020-02-14 18:10:55.879  INFO 6596 --- [nio-8080-exec-1] o.s.web.servlet.DispatcherServlet        : Completed initialization in 7 ms
2020-02-14 22:13:06.672  INFO PID_IS_UNDEFINED --- [           main] org.springframework.core.KotlinDetector  : Kotlin reflection implementation not found at runtime, related features won't be available.
2020-02-14 22:13:07.434  INFO 3668 --- [           main] com.spureb.willow.WillowApplication      : Starting WillowApplication on DESKTOP-F9J6DJ5 with PID 3668 (C:\Users\25244\IdeaProjects\SpurebBox\target\classes started by 25244 in C:\Users\25244\IdeaProjects\SpurebBox)
2020-02-14 22:13:07.435  INFO 3668 --- [           main] com.spureb.willow.WillowApplication      : The following profiles are active: dev
2020-02-14 22:13:08.843  INFO 3668 --- [           main] .s.d.r.c.RepositoryConfigurationDelegate : Multiple Spring Data modules found, entering strict repository configuration mode!
2020-02-14 22:13:08.846  INFO 3668 --- [           main] .s.d.r.c.RepositoryConfigurationDelegate : Bootstrapping Spring Data repositories in DEFAULT mode.
2020-02-14 22:13:08.902  INFO 3668 --- [           main] .s.d.r.c.RepositoryConfigurationDelegate : Finished Spring Data repository scanning in 32ms. Found 0 repository interfaces.
2020-02-14 22:13:09.290  INFO 3668 --- [           main] trationDelegate$BeanPostProcessorChecker : Bean 'org.springframework.transaction.annotation.ProxyTransactionManagementConfiguration' of type [org.springframework.transaction.annotation.ProxyTransactionManagementConfiguration$$EnhancerBySpringCGLIB$$716a3cd3] is not eligible for getting processed by all BeanPostProcessors (for example: not eligible for auto-proxying)
2020-02-14 22:13:09.733  INFO 3668 --- [           main] o.s.b.w.embedded.tomcat.TomcatWebServer  : Tomcat initialized with port(s): 8080 (http) 1408 (http)
2020-02-14 22:13:09.757  INFO 3668 --- [           main] o.a.coyote.http11.Http11NioProtocol      : Initializing ProtocolHandler ["http-nio-8080"]
2020-02-14 22:13:09.769  INFO 3668 --- [           main] o.a.coyote.http11.Http11NioProtocol      : Initializing ProtocolHandler ["http-nio-1408"]
2020-02-14 22:13:09.785  INFO 3668 --- [           main] o.apache.catalina.core.StandardService   : Starting service [Tomcat]
2020-02-14 22:13:09.785  INFO 3668 --- [           main] org.apache.catalina.core.StandardEngine  : Starting Servlet engine: [Apache Tomcat/9.0.17]
2020-02-14 22:13:09.980  INFO 3668 --- [           main] o.a.c.c.C.[Tomcat].[localhost].[/]       : Initializing Spring embedded WebApplicationContext
2020-02-14 22:13:09.981  INFO 3668 --- [           main] o.s.web.context.ContextLoader            : Root WebApplicationContext: initialization completed in 2442 ms
2020-02-14 22:13:10.340  INFO 3668 --- [           main] com.zaxxer.hikari.HikariDataSource       : HikariPool-1 - Starting...
2020-02-14 22:13:11.246  INFO 3668 --- [           main] com.zaxxer.hikari.HikariDataSource       : HikariPool-1 - Start completed.
2020-02-14 22:13:12.965  INFO 3668 --- [           main] o.f.c.internal.license.VersionPrinter    : Flyway Community Edition 5.2.4 by Boxfuse
2020-02-14 22:13:12.971  INFO 3668 --- [           main] o.f.c.internal.database.DatabaseFactory  : Database: jdbc:mysql://localhost:3306/a_spureb_box (MySQL 8.0)
2020-02-14 22:13:13.285  INFO 3668 --- [           main] o.f.core.internal.command.DbValidate     : Successfully validated 2 migrations (execution time 00:00.109s)
2020-02-14 22:13:13.320  INFO 3668 --- [           main] o.f.core.internal.command.DbMigrate      : Current version of schema `a_spureb_box`: 2
2020-02-14 22:13:13.324  INFO 3668 --- [           main] o.f.core.internal.command.DbMigrate      : Schema `a_spureb_box` is up to date. No migration necessary.
2020-02-14 22:13:13.558  INFO 3668 --- [           main] o.s.s.c.ThreadPoolTaskScheduler          : Initializing ExecutorService 'taskScheduler'
2020-02-14 22:13:13.644  INFO 3668 --- [           main] o.a.coyote.http11.Http11NioProtocol      : Starting ProtocolHandler ["http-nio-8080"]
2020-02-14 22:13:13.657  INFO 3668 --- [           main] o.a.coyote.http11.Http11NioProtocol      : Starting ProtocolHandler ["http-nio-1408"]
2020-02-14 22:13:13.668  INFO 3668 --- [           main] o.s.b.w.embedded.tomcat.TomcatWebServer  : Tomcat started on port(s): 8080 (http) 1408 (http) with context path ''
2020-02-14 22:13:13.673  INFO 3668 --- [           main] com.spureb.willow.WillowApplication      : Started WillowApplication in 6.95 seconds (JVM running for 8.642)
2020-02-14 22:48:28.858  INFO PID_IS_UNDEFINED --- [           main] org.springframework.core.KotlinDetector  : Kotlin reflection implementation not found at runtime, related features won't be available.
2020-02-14 22:48:29.486  INFO 5384 --- [           main] com.spureb.willow.WillowApplication      : Starting WillowApplication on DESKTOP-F9J6DJ5 with PID 5384 (C:\Users\25244\IdeaProjects\SpurebBox\target\classes started by 25244 in C:\Users\25244\IdeaProjects\SpurebBox)
2020-02-14 22:48:29.487  INFO 5384 --- [           main] com.spureb.willow.WillowApplication      : The following profiles are active: dev
2020-02-14 22:48:30.540  INFO 5384 --- [           main] .s.d.r.c.RepositoryConfigurationDelegate : Multiple Spring Data modules found, entering strict repository configuration mode!
2020-02-14 22:48:30.543  INFO 5384 --- [           main] .s.d.r.c.RepositoryConfigurationDelegate : Bootstrapping Spring Data repositories in DEFAULT mode.
2020-02-14 22:48:30.586  INFO 5384 --- [           main] .s.d.r.c.RepositoryConfigurationDelegate : Finished Spring Data repository scanning in 25ms. Found 0 repository interfaces.
2020-02-14 22:48:30.961  INFO 5384 --- [           main] trationDelegate$BeanPostProcessorChecker : Bean 'org.springframework.transaction.annotation.ProxyTransactionManagementConfiguration' of type [org.springframework.transaction.annotation.ProxyTransactionManagementConfiguration$$EnhancerBySpringCGLIB$$b8149ea6] is not eligible for getting processed by all BeanPostProcessors (for example: not eligible for auto-proxying)
2020-02-14 22:48:31.332  INFO 5384 --- [           main] o.s.b.w.embedded.tomcat.TomcatWebServer  : Tomcat initialized with port(s): 8080 (http) 1408 (http)
2020-02-14 22:48:31.349  INFO 5384 --- [           main] o.a.coyote.http11.Http11NioProtocol      : Initializing ProtocolHandler ["http-nio-8080"]
2020-02-14 22:48:31.361  INFO 5384 --- [           main] o.a.coyote.http11.Http11NioProtocol      : Initializing ProtocolHandler ["http-nio-1408"]
2020-02-14 22:48:31.374  INFO 5384 --- [           main] o.apache.catalina.core.StandardService   : Starting service [Tomcat]
2020-02-14 22:48:31.375  INFO 5384 --- [           main] org.apache.catalina.core.StandardEngine  : Starting Servlet engine: [Apache Tomcat/9.0.17]
2020-02-14 22:48:31.540  INFO 5384 --- [           main] o.a.c.c.C.[Tomcat].[localhost].[/]       : Initializing Spring embedded WebApplicationContext
2020-02-14 22:48:31.541  INFO 5384 --- [           main] o.s.web.context.ContextLoader            : Root WebApplicationContext: initialization completed in 1946 ms
2020-02-14 22:48:31.791  INFO 5384 --- [           main] com.zaxxer.hikari.HikariDataSource       : HikariPool-1 - Starting...
2020-02-14 22:48:32.006  INFO 5384 --- [           main] com.zaxxer.hikari.HikariDataSource       : HikariPool-1 - Start completed.
2020-02-14 22:48:32.924  INFO 5384 --- [           main] o.f.c.internal.license.VersionPrinter    : Flyway Community Edition 5.2.4 by Boxfuse
2020-02-14 22:48:32.927  INFO 5384 --- [           main] o.f.c.internal.database.DatabaseFactory  : Database: jdbc:mysql://localhost:3306/a_spureb_box (MySQL 8.0)
2020-02-14 22:48:33.059  INFO 5384 --- [           main] o.f.core.internal.command.DbValidate     : Successfully validated 2 migrations (execution time 00:00.043s)
2020-02-14 22:48:33.074  INFO 5384 --- [           main] o.f.core.internal.command.DbMigrate      : Current version of schema `a_spureb_box`: 2
2020-02-14 22:48:33.075  INFO 5384 --- [           main] o.f.core.internal.command.DbMigrate      : Schema `a_spureb_box` is up to date. No migration necessary.
2020-02-14 22:48:33.202  INFO 5384 --- [           main] o.s.s.c.ThreadPoolTaskScheduler          : Initializing ExecutorService 'taskScheduler'
2020-02-14 22:48:33.272  INFO 5384 --- [           main] o.a.coyote.http11.Http11NioProtocol      : Starting ProtocolHandler ["http-nio-8080"]
2020-02-14 22:48:33.282  INFO 5384 --- [           main] o.a.coyote.http11.Http11NioProtocol      : Starting ProtocolHandler ["http-nio-1408"]
2020-02-14 22:48:33.292  INFO 5384 --- [           main] o.s.b.w.embedded.tomcat.TomcatWebServer  : Tomcat started on port(s): 8080 (http) 1408 (http) with context path ''
2020-02-14 22:48:33.295  INFO 5384 --- [           main] com.spureb.willow.WillowApplication      : Started WillowApplication in 4.39 seconds (JVM running for 5.9)
2020-02-14 22:49:15.660  INFO PID_IS_UNDEFINED --- [           main] org.springframework.core.KotlinDetector  : Kotlin reflection implementation not found at runtime, related features won't be available.
2020-02-14 22:49:16.451  INFO 14256 --- [           main] com.spureb.willow.WillowApplication      : Starting WillowApplication on DESKTOP-F9J6DJ5 with PID 14256 (C:\Users\25244\IdeaProjects\SpurebBox\target\classes started by 25244 in C:\Users\25244\IdeaProjects\SpurebBox)
2020-02-14 22:49:16.452  INFO 14256 --- [           main] com.spureb.willow.WillowApplication      : The following profiles are active: dev
2020-02-14 22:49:17.663  INFO 14256 --- [           main] .s.d.r.c.RepositoryConfigurationDelegate : Multiple Spring Data modules found, entering strict repository configuration mode!
2020-02-14 22:49:17.667  INFO 14256 --- [           main] .s.d.r.c.RepositoryConfigurationDelegate : Bootstrapping Spring Data repositories in DEFAULT mode.
2020-02-14 22:49:17.727  INFO 14256 --- [           main] .s.d.r.c.RepositoryConfigurationDelegate : Finished Spring Data repository scanning in 35ms. Found 0 repository interfaces.
2020-02-14 22:49:18.212  INFO 14256 --- [           main] trationDelegate$BeanPostProcessorChecker : Bean 'org.springframework.transaction.annotation.ProxyTransactionManagementConfiguration' of type [org.springframework.transaction.annotation.ProxyTransactionManagementConfiguration$$EnhancerBySpringCGLIB$$fa80b3a7] is not eligible for getting processed by all BeanPostProcessors (for example: not eligible for auto-proxying)
2020-02-14 22:49:18.617  INFO 14256 --- [           main] o.s.b.w.embedded.tomcat.TomcatWebServer  : Tomcat initialized with port(s): 8080 (http) 1408 (http)
2020-02-14 22:49:18.634  INFO 14256 --- [           main] o.a.coyote.http11.Http11NioProtocol      : Initializing ProtocolHandler ["http-nio-8080"]
2020-02-14 22:49:18.646  INFO 14256 --- [           main] o.a.coyote.http11.Http11NioProtocol      : Initializing ProtocolHandler ["http-nio-1408"]
2020-02-14 22:49:18.663  INFO 14256 --- [           main] o.apache.catalina.core.StandardService   : Starting service [Tomcat]
2020-02-14 22:49:18.663  INFO 14256 --- [           main] org.apache.catalina.core.StandardEngine  : Starting Servlet engine: [Apache Tomcat/9.0.17]
2020-02-14 22:49:18.858  INFO 14256 --- [           main] o.a.c.c.C.[Tomcat].[localhost].[/]       : Initializing Spring embedded WebApplicationContext
2020-02-14 22:49:18.858  INFO 14256 --- [           main] o.s.web.context.ContextLoader            : Root WebApplicationContext: initialization completed in 2309 ms
2020-02-14 22:49:19.150  INFO 14256 --- [           main] com.zaxxer.hikari.HikariDataSource       : HikariPool-1 - Starting...
2020-02-14 22:49:19.417  INFO 14256 --- [           main] com.zaxxer.hikari.HikariDataSource       : HikariPool-1 - Start completed.
2020-02-14 22:49:20.436  INFO 14256 --- [           main] o.f.c.internal.license.VersionPrinter    : Flyway Community Edition 5.2.4 by Boxfuse
2020-02-14 22:49:20.439  INFO 14256 --- [           main] o.f.c.internal.database.DatabaseFactory  : Database: jdbc:mysql://localhost:3306/a_spureb_box (MySQL 8.0)
2020-02-14 22:49:20.555  INFO 14256 --- [           main] o.f.core.internal.command.DbValidate     : Successfully validated 2 migrations (execution time 00:00.048s)
2020-02-14 22:49:20.573  INFO 14256 --- [           main] o.f.core.internal.command.DbMigrate      : Current version of schema `a_spureb_box`: 2
2020-02-14 22:49:20.574  INFO 14256 --- [           main] o.f.core.internal.command.DbMigrate      : Schema `a_spureb_box` is up to date. No migration necessary.
2020-02-14 22:49:20.734  INFO 14256 --- [           main] o.s.s.c.ThreadPoolTaskScheduler          : Initializing ExecutorService 'taskScheduler'
2020-02-14 22:49:20.806  INFO 14256 --- [           main] o.a.coyote.http11.Http11NioProtocol      : Starting ProtocolHandler ["http-nio-8080"]
2020-02-14 22:49:20.817  INFO 14256 --- [           main] o.a.coyote.http11.Http11NioProtocol      : Starting ProtocolHandler ["http-nio-1408"]
2020-02-14 22:49:20.827  INFO 14256 --- [           main] o.s.b.w.embedded.tomcat.TomcatWebServer  : Tomcat started on port(s): 8080 (http) 1408 (http) with context path ''
2020-02-14 22:49:20.832  INFO 14256 --- [           main] com.spureb.willow.WillowApplication      : Started WillowApplication in 5.116 seconds (JVM running for 6.7)
2020-02-14 22:50:32.486  INFO 14256 --- [nio-8080-exec-1] o.apache.tomcat.util.http.parser.Cookie  : A cookie header was received [1578530285] that contained an invalid cookie. That cookie will be ignored.
 Note: further occurrences of this error will be logged at DEBUG level.
2020-02-14 22:50:32.496  INFO 14256 --- [nio-8080-exec-1] o.a.c.c.C.[Tomcat].[localhost].[/]       : Initializing Spring DispatcherServlet 'dispatcherServlet'
2020-02-14 22:50:32.497  INFO 14256 --- [nio-8080-exec-1] o.s.web.servlet.DispatcherServlet        : Initializing Servlet 'dispatcherServlet'
2020-02-14 22:50:32.508  INFO 14256 --- [nio-8080-exec-1] o.s.web.servlet.DispatcherServlet        : Completed initialization in 11 ms
