2020-02-29 12:54:30.682  INFO PID_IS_UNDEFINED --- [           main] org.springframework.core.KotlinDetector  : Kotlin reflection implementation not found at runtime, related features won't be available.
2020-02-29 12:54:31.435  INFO 5116 --- [           main] com.spureb.willow.WillowApplication      : Starting WillowApplication on DESKTOP-F9J6DJ5 with PID 5116 (C:\Users\25244\IdeaProjects\SpurebBox\target\classes started by 25244 in C:\Users\25244\IdeaProjects\SpurebBox)
2020-02-29 12:54:31.436  INFO 5116 --- [           main] com.spureb.willow.WillowApplication      : The following profiles are active: dev
2020-02-29 12:54:32.454  INFO 5116 --- [           main] .s.d.r.c.RepositoryConfigurationDelegate : Multiple Spring Data modules found, entering strict repository configuration mode!
2020-02-29 12:54:32.457  INFO 5116 --- [           main] .s.d.r.c.RepositoryConfigurationDelegate : Bootstrapping Spring Data repositories in DEFAULT mode.
2020-02-29 12:54:32.500  INFO 5116 --- [           main] .s.d.r.c.RepositoryConfigurationDelegate : Finished Spring Data repository scanning in 24ms. Found 0 repository interfaces.
2020-02-29 12:54:32.882  INFO 5116 --- [           main] trationDelegate$BeanPostProcessorChecker : Bean 'org.springframework.transaction.annotation.ProxyTransactionManagementConfiguration' of type [org.springframework.transaction.annotation.ProxyTransactionManagementConfiguration$$EnhancerBySpringCGLIB$$6ec011cf] is not eligible for getting processed by all BeanPostProcessors (for example: not eligible for auto-proxying)
2020-02-29 12:54:33.311  INFO 5116 --- [           main] o.s.b.w.embedded.tomcat.TomcatWebServer  : Tomcat initialized with port(s): 8080 (http) 1408 (http)
2020-02-29 12:54:33.330  INFO 5116 --- [           main] o.a.coyote.http11.Http11NioProtocol      : Initializing ProtocolHandler ["http-nio-8080"]
2020-02-29 12:54:33.341  INFO 5116 --- [           main] o.a.coyote.http11.Http11NioProtocol      : Initializing ProtocolHandler ["http-nio-1408"]
2020-02-29 12:54:33.354  INFO 5116 --- [           main] o.apache.catalina.core.StandardService   : Starting service [Tomcat]
2020-02-29 12:54:33.354  INFO 5116 --- [           main] org.apache.catalina.core.StandardEngine  : Starting Servlet engine: [Apache Tomcat/9.0.17]
2020-02-29 12:54:33.507  INFO 5116 --- [           main] o.a.c.c.C.[Tomcat].[localhost].[/]       : Initializing Spring embedded WebApplicationContext
2020-02-29 12:54:33.508  INFO 5116 --- [           main] o.s.web.context.ContextLoader            : Root WebApplicationContext: initialization completed in 2003 ms
2020-02-29 12:54:33.744  INFO 5116 --- [           main] com.zaxxer.hikari.HikariDataSource       : HikariPool-1 - Starting...
2020-02-29 12:54:33.974  INFO 5116 --- [           main] com.zaxxer.hikari.HikariDataSource       : HikariPool-1 - Start completed.
2020-02-29 12:54:34.955  INFO 5116 --- [           main] o.f.c.internal.license.VersionPrinter    : Flyway Community Edition 5.2.4 by Boxfuse
2020-02-29 12:54:34.958  INFO 5116 --- [           main] o.f.c.internal.database.DatabaseFactory  : Database: jdbc:mysql://localhost:3306/a_spureb_box (MySQL 8.0)
2020-02-29 12:54:35.169  INFO 5116 --- [           main] o.f.core.internal.command.DbValidate     : Successfully validated 2 migrations (execution time 00:00.050s)
2020-02-29 12:54:35.183  INFO 5116 --- [           main] o.f.core.internal.command.DbMigrate      : Current version of schema `a_spureb_box`: 2
2020-02-29 12:54:35.184  INFO 5116 --- [           main] o.f.core.internal.command.DbMigrate      : Schema `a_spureb_box` is up to date. No migration necessary.
2020-02-29 12:54:35.340  INFO 5116 --- [           main] o.s.s.c.ThreadPoolTaskScheduler          : Initializing ExecutorService 'taskScheduler'
2020-02-29 12:54:35.401  INFO 5116 --- [           main] o.a.coyote.http11.Http11NioProtocol      : Starting ProtocolHandler ["http-nio-8080"]
2020-02-29 12:54:35.412  INFO 5116 --- [           main] o.a.coyote.http11.Http11NioProtocol      : Starting ProtocolHandler ["http-nio-1408"]
2020-02-29 12:54:35.421  INFO 5116 --- [           main] o.s.b.w.embedded.tomcat.TomcatWebServer  : Tomcat started on port(s): 8080 (http) 1408 (http) with context path ''
2020-02-29 12:54:35.426  INFO 5116 --- [           main] com.spureb.willow.WillowApplication      : Started WillowApplication in 4.666 seconds (JVM running for 6.394)
2020-02-29 12:54:45.459  INFO 5116 --- [nio-8080-exec-1] o.apache.tomcat.util.http.parser.Cookie  : A cookie header was received [1578530285] that contained an invalid cookie. That cookie will be ignored.
 Note: further occurrences of this error will be logged at DEBUG level.
2020-02-29 12:54:45.485  INFO 5116 --- [nio-8080-exec-1] o.a.c.c.C.[Tomcat].[localhost].[/]       : Initializing Spring DispatcherServlet 'dispatcherServlet'
2020-02-29 12:54:45.486  INFO 5116 --- [nio-8080-exec-1] o.s.web.servlet.DispatcherServlet        : Initializing Servlet 'dispatcherServlet'
2020-02-29 12:54:45.500  INFO 5116 --- [nio-8080-exec-1] o.s.web.servlet.DispatcherServlet        : Completed initialization in 14 ms
