2020-02-13 09:02:19.870  INFO PID_IS_UNDEFINED --- [           main] org.springframework.core.KotlinDetector  : Kotlin reflection implementation not found at runtime, related features won't be available.
2020-02-13 09:02:20.748  INFO 11616 --- [           main] com.spureb.willow.WillowApplication      : Starting WillowApplication on DESKTOP-F9J6DJ5 with PID 11616 (C:\Users\25244\IdeaProjects\SpurebBox\target\classes started by 25244 in C:\Users\25244\IdeaProjects\SpurebBox)
2020-02-13 09:02:20.749  INFO 11616 --- [           main] com.spureb.willow.WillowApplication      : The following profiles are active: dev
2020-02-13 09:02:21.927  INFO 11616 --- [           main] .s.d.r.c.RepositoryConfigurationDelegate : Multiple Spring Data modules found, entering strict repository configuration mode!
2020-02-13 09:02:21.931  INFO 11616 --- [           main] .s.d.r.c.RepositoryConfigurationDelegate : Bootstrapping Spring Data repositories in DEFAULT mode.
2020-02-13 09:02:21.977  INFO 11616 --- [           main] .s.d.r.c.RepositoryConfigurationDelegate : Finished Spring Data repository scanning in 25ms. Found 0 repository interfaces.
2020-02-13 09:02:22.401  INFO 11616 --- [           main] trationDelegate$BeanPostProcessorChecker : Bean 'org.springframework.transaction.annotation.ProxyTransactionManagementConfiguration' of type [org.springframework.transaction.annotation.ProxyTransactionManagementConfiguration$$EnhancerBySpringCGLIB$$c6be299a] is not eligible for getting processed by all BeanPostProcessors (for example: not eligible for auto-proxying)
2020-02-13 09:02:22.920  INFO 11616 --- [           main] o.s.b.w.embedded.tomcat.TomcatWebServer  : Tomcat initialized with port(s): 8080 (http) 1408 (http)
2020-02-13 09:02:22.940  INFO 11616 --- [           main] o.a.coyote.http11.Http11NioProtocol      : Initializing ProtocolHandler ["http-nio-8080"]
2020-02-13 09:02:22.954  INFO 11616 --- [           main] o.a.coyote.http11.Http11NioProtocol      : Initializing ProtocolHandler ["http-nio-1408"]
2020-02-13 09:02:22.970  INFO 11616 --- [           main] o.apache.catalina.core.StandardService   : Starting service [Tomcat]
2020-02-13 09:02:22.971  INFO 11616 --- [           main] org.apache.catalina.core.StandardEngine  : Starting Servlet engine: [Apache Tomcat/9.0.17]
2020-02-13 09:02:23.167  INFO 11616 --- [           main] o.a.c.c.C.[Tomcat].[localhost].[/]       : Initializing Spring embedded WebApplicationContext
2020-02-13 09:02:23.168  INFO 11616 --- [           main] o.s.web.context.ContextLoader            : Root WebApplicationContext: initialization completed in 2327 ms
2020-02-13 09:02:23.470  INFO 11616 --- [           main] com.zaxxer.hikari.HikariDataSource       : HikariPool-1 - Starting...
2020-02-13 09:02:23.753  INFO 11616 --- [           main] com.zaxxer.hikari.HikariDataSource       : HikariPool-1 - Start completed.
2020-02-13 09:02:24.753  INFO 11616 --- [           main] o.f.c.internal.license.VersionPrinter    : Flyway Community Edition 5.2.4 by Boxfuse
2020-02-13 09:02:24.758  INFO 11616 --- [           main] o.f.c.internal.database.DatabaseFactory  : Database: jdbc:mysql://localhost:3306/a_spureb_box (MySQL 8.0)
2020-02-13 09:02:24.983  INFO 11616 --- [           main] o.f.core.internal.command.DbValidate     : Successfully validated 2 migrations (execution time 00:00.069s)
2020-02-13 09:02:25.002  INFO 11616 --- [           main] o.f.core.internal.command.DbMigrate      : Current version of schema `a_spureb_box`: 2
2020-02-13 09:02:25.003  INFO 11616 --- [           main] o.f.core.internal.command.DbMigrate      : Schema `a_spureb_box` is up to date. No migration necessary.
2020-02-13 09:02:25.157  INFO 11616 --- [           main] o.s.s.c.ThreadPoolTaskScheduler          : Initializing ExecutorService 'taskScheduler'
2020-02-13 09:02:25.230  INFO 11616 --- [           main] o.a.coyote.http11.Http11NioProtocol      : Starting ProtocolHandler ["http-nio-8080"]
2020-02-13 09:02:25.241  INFO 11616 --- [           main] o.a.coyote.http11.Http11NioProtocol      : Starting ProtocolHandler ["http-nio-1408"]
2020-02-13 09:02:25.254  INFO 11616 --- [           main] o.s.b.w.embedded.tomcat.TomcatWebServer  : Tomcat started on port(s): 8080 (http) 1408 (http) with context path ''
2020-02-13 09:02:25.258  INFO 11616 --- [           main] com.spureb.willow.WillowApplication      : Started WillowApplication in 5.29 seconds (JVM running for 7.326)
2020-02-13 09:05:38.946  INFO 11616 --- [nio-8080-exec-1] o.apache.tomcat.util.http.parser.Cookie  : A cookie header was received [1578530285] that contained an invalid cookie. That cookie will be ignored.
 Note: further occurrences of this error will be logged at DEBUG level.
2020-02-13 09:05:38.956  INFO 11616 --- [nio-8080-exec-1] o.a.c.c.C.[Tomcat].[localhost].[/]       : Initializing Spring DispatcherServlet 'dispatcherServlet'
2020-02-13 09:05:38.956  INFO 11616 --- [nio-8080-exec-1] o.s.web.servlet.DispatcherServlet        : Initializing Servlet 'dispatcherServlet'
2020-02-13 09:05:38.968  INFO 11616 --- [nio-8080-exec-1] o.s.web.servlet.DispatcherServlet        : Completed initialization in 11 ms
2020-02-13 14:25:28.326  INFO PID_IS_UNDEFINED --- [           main] org.springframework.core.KotlinDetector  : Kotlin reflection implementation not found at runtime, related features won't be available.
2020-02-13 14:25:29.056  INFO 14820 --- [           main] com.spureb.willow.WillowApplication      : Starting WillowApplication on DESKTOP-F9J6DJ5 with PID 14820 (C:\Users\25244\IdeaProjects\SpurebBox\target\classes started by 25244 in C:\Users\25244\IdeaProjects\SpurebBox)
2020-02-13 14:25:29.057  INFO 14820 --- [           main] com.spureb.willow.WillowApplication      : The following profiles are active: dev
2020-02-13 14:25:30.173  INFO 14820 --- [           main] .s.d.r.c.RepositoryConfigurationDelegate : Multiple Spring Data modules found, entering strict repository configuration mode!
2020-02-13 14:25:30.176  INFO 14820 --- [           main] .s.d.r.c.RepositoryConfigurationDelegate : Bootstrapping Spring Data repositories in DEFAULT mode.
2020-02-13 14:25:30.226  INFO 14820 --- [           main] .s.d.r.c.RepositoryConfigurationDelegate : Finished Spring Data repository scanning in 28ms. Found 0 repository interfaces.
2020-02-13 14:25:30.631  INFO 14820 --- [           main] trationDelegate$BeanPostProcessorChecker : Bean 'org.springframework.transaction.annotation.ProxyTransactionManagementConfiguration' of type [org.springframework.transaction.annotation.ProxyTransactionManagementConfiguration$$EnhancerBySpringCGLIB$$91fc1e25] is not eligible for getting processed by all BeanPostProcessors (for example: not eligible for auto-proxying)
2020-02-13 14:25:31.045  INFO 14820 --- [           main] o.s.b.w.embedded.tomcat.TomcatWebServer  : Tomcat initialized with port(s): 8080 (http) 1408 (http)
2020-02-13 14:25:31.065  INFO 14820 --- [           main] o.a.coyote.http11.Http11NioProtocol      : Initializing ProtocolHandler ["http-nio-8080"]
2020-02-13 14:25:31.078  INFO 14820 --- [           main] o.a.coyote.http11.Http11NioProtocol      : Initializing ProtocolHandler ["http-nio-1408"]
2020-02-13 14:25:31.093  INFO 14820 --- [           main] o.apache.catalina.core.StandardService   : Starting service [Tomcat]
2020-02-13 14:25:31.093  INFO 14820 --- [           main] org.apache.catalina.core.StandardEngine  : Starting Servlet engine: [Apache Tomcat/9.0.17]
2020-02-13 14:25:31.277  INFO 14820 --- [           main] o.a.c.c.C.[Tomcat].[localhost].[/]       : Initializing Spring embedded WebApplicationContext
2020-02-13 14:25:31.278  INFO 14820 --- [           main] o.s.web.context.ContextLoader            : Root WebApplicationContext: initialization completed in 2135 ms
2020-02-13 14:25:31.568  INFO 14820 --- [           main] com.zaxxer.hikari.HikariDataSource       : HikariPool-1 - Starting...
2020-02-13 14:25:31.795  INFO 14820 --- [           main] com.zaxxer.hikari.HikariDataSource       : HikariPool-1 - Start completed.
2020-02-13 14:25:32.877  INFO 14820 --- [           main] o.f.c.internal.license.VersionPrinter    : Flyway Community Edition 5.2.4 by Boxfuse
2020-02-13 14:25:32.881  INFO 14820 --- [           main] o.f.c.internal.database.DatabaseFactory  : Database: jdbc:mysql://localhost:3306/a_spureb_box (MySQL 8.0)
2020-02-13 14:25:33.058  INFO 14820 --- [           main] o.f.core.internal.command.DbValidate     : Successfully validated 2 migrations (execution time 00:00.061s)
2020-02-13 14:25:33.075  INFO 14820 --- [           main] o.f.core.internal.command.DbMigrate      : Current version of schema `a_spureb_box`: 2
2020-02-13 14:25:33.076  INFO 14820 --- [           main] o.f.core.internal.command.DbMigrate      : Schema `a_spureb_box` is up to date. No migration necessary.
2020-02-13 14:25:33.222  INFO 14820 --- [           main] o.s.s.c.ThreadPoolTaskScheduler          : Initializing ExecutorService 'taskScheduler'
2020-02-13 14:25:33.305  INFO 14820 --- [           main] o.a.coyote.http11.Http11NioProtocol      : Starting ProtocolHandler ["http-nio-8080"]
2020-02-13 14:25:33.314  INFO 14820 --- [           main] o.a.coyote.http11.Http11NioProtocol      : Starting ProtocolHandler ["http-nio-1408"]
2020-02-13 14:25:33.324  INFO 14820 --- [           main] o.s.b.w.embedded.tomcat.TomcatWebServer  : Tomcat started on port(s): 8080 (http) 1408 (http) with context path ''
2020-02-13 14:25:33.328  INFO 14820 --- [           main] com.spureb.willow.WillowApplication      : Started WillowApplication in 4.935 seconds (JVM running for 7.039)
2020-02-13 14:36:16.177  INFO 14820 --- [nio-8080-exec-1] o.apache.tomcat.util.http.parser.Cookie  : A cookie header was received [1578530285] that contained an invalid cookie. That cookie will be ignored.
 Note: further occurrences of this error will be logged at DEBUG level.
2020-02-13 14:36:16.196  INFO 14820 --- [nio-8080-exec-1] o.a.c.c.C.[Tomcat].[localhost].[/]       : Initializing Spring DispatcherServlet 'dispatcherServlet'
2020-02-13 14:36:16.196  INFO 14820 --- [nio-8080-exec-1] o.s.web.servlet.DispatcherServlet        : Initializing Servlet 'dispatcherServlet'
2020-02-13 14:36:16.215  INFO 14820 --- [nio-8080-exec-1] o.s.web.servlet.DispatcherServlet        : Completed initialization in 18 ms
